[0.344s] DEBUG:colcon:Command line arguments: ['/usr/bin/colcon', 'build']
[0.344s] DEBUG:colcon:Parsed command line arguments: Namespace(log_base=None, log_level=None, verb_name='build', build_base='build', install_base='install', merge_install=False, symlink_install=False, test_result_base=None, continue_on_error=False, executor='parallel', parallel_workers=8, event_handlers=None, ignore_user_meta=False, metas=['./colcon.meta'], base_paths=['.'], packages_ignore=None, packages_ignore_regex=None, paths=None, packages_up_to=None, packages_up_to_regex=None, packages_above=None, packages_above_and_dependencies=None, packages_above_depth=None, packages_select_by_dep=None, packages_skip_by_dep=None, packages_skip_up_to=None, packages_select_build_failed=False, packages_skip_build_finished=False, packages_select_test_failures=False, packages_skip_test_passed=False, packages_select=None, packages_skip=None, packages_select_regex=None, packages_skip_regex=None, packages_start=None, packages_end=None, allow_overriding=[], cmake_args=None, cmake_target=None, cmake_target_skip_unavailable=False, cmake_clean_cache=False, cmake_clean_first=False, cmake_force_configure=False, ament_cmake_args=None, catkin_cmake_args=None, catkin_skip_building_tests=False, mixin_files=None, mixin=None, verb_parser=<colcon_mixin.mixin.mixin_argument.MixinArgumentDecorator object at 0x7e46b702e9e0>, verb_extension=<colcon_core.verb.build.BuildVerb object at 0x7e46b702e260>, main=<bound method BuildVerb.main of <colcon_core.verb.build.BuildVerb object at 0x7e46b702e260>>, mixin_verb=('build',))
[0.884s] Level 1:colcon.colcon_core.package_discovery:discover_packages(colcon_meta) check parameters
[0.885s] Level 1:colcon.colcon_core.package_discovery:discover_packages(recursive) check parameters
[0.885s] Level 1:colcon.colcon_core.package_discovery:discover_packages(ignore) check parameters
[0.885s] Level 1:colcon.colcon_core.package_discovery:discover_packages(path) check parameters
[0.885s] Level 1:colcon.colcon_core.package_discovery:discover_packages(colcon_meta) discover
[0.885s] Level 1:colcon.colcon_core.package_discovery:discover_packages(recursive) discover
[0.885s] INFO:colcon.colcon_core.package_discovery:Crawling recursively for packages in '/home/joaquin/robot_arm_ws'
[0.885s] Level 1:colcon.colcon_core.package_identification:_identify(.) by extensions ['ignore', 'ignore_ament_install']
[0.886s] Level 1:colcon.colcon_core.package_identification:_identify(.) by extension 'ignore'
[0.886s] Level 1:colcon.colcon_core.package_identification:_identify(.) by extension 'ignore_ament_install'
[0.886s] Level 1:colcon.colcon_core.package_identification:_identify(.) by extensions ['colcon_pkg']
[0.886s] Level 1:colcon.colcon_core.package_identification:_identify(.) by extension 'colcon_pkg'
[0.886s] Level 1:colcon.colcon_core.package_identification:_identify(.) by extensions ['colcon_meta']
[0.886s] Level 1:colcon.colcon_core.package_identification:_identify(.) by extension 'colcon_meta'
[0.886s] Level 1:colcon.colcon_core.package_identification:_identify(.) by extensions ['ros']
[0.886s] Level 1:colcon.colcon_core.package_identification:_identify(.) by extension 'ros'
[0.915s] Level 1:colcon.colcon_core.package_identification:_identify(.) by extensions ['cmake', 'python']
[0.915s] Level 1:colcon.colcon_core.package_identification:_identify(.) by extension 'cmake'
[0.915s] Level 1:colcon.colcon_core.package_identification:_identify(.) by extension 'python'
[0.916s] Level 1:colcon.colcon_core.package_identification:_identify(.) by extensions ['python_setup_py']
[0.916s] Level 1:colcon.colcon_core.package_identification:_identify(.) by extension 'python_setup_py'
[0.916s] Level 1:colcon.colcon_core.package_identification:_identify(build) by extensions ['ignore', 'ignore_ament_install']
[0.916s] Level 1:colcon.colcon_core.package_identification:_identify(build) by extension 'ignore'
[0.916s] Level 1:colcon.colcon_core.package_identification:_identify(build) ignored
[0.916s] Level 1:colcon.colcon_core.package_identification:_identify(install) by extensions ['ignore', 'ignore_ament_install']
[0.917s] Level 1:colcon.colcon_core.package_identification:_identify(install) by extension 'ignore'
[0.917s] Level 1:colcon.colcon_core.package_identification:_identify(install) ignored
[0.917s] Level 1:colcon.colcon_core.package_identification:_identify(log) by extensions ['ignore', 'ignore_ament_install']
[0.917s] Level 1:colcon.colcon_core.package_identification:_identify(log) by extension 'ignore'
[0.918s] Level 1:colcon.colcon_core.package_identification:_identify(log) ignored
[0.918s] Level 1:colcon.colcon_core.package_identification:_identify(src) by extensions ['ignore', 'ignore_ament_install']
[0.918s] Level 1:colcon.colcon_core.package_identification:_identify(src) by extension 'ignore'
[0.918s] Level 1:colcon.colcon_core.package_identification:_identify(src) by extension 'ignore_ament_install'
[0.918s] Level 1:colcon.colcon_core.package_identification:_identify(src) by extensions ['colcon_pkg']
[0.918s] Level 1:colcon.colcon_core.package_identification:_identify(src) by extension 'colcon_pkg'
[0.918s] Level 1:colcon.colcon_core.package_identification:_identify(src) by extensions ['colcon_meta']
[0.918s] Level 1:colcon.colcon_core.package_identification:_identify(src) by extension 'colcon_meta'
[0.919s] Level 1:colcon.colcon_core.package_identification:_identify(src) by extensions ['ros']
[0.919s] Level 1:colcon.colcon_core.package_identification:_identify(src) by extension 'ros'
[0.919s] Level 1:colcon.colcon_core.package_identification:_identify(src) by extensions ['cmake', 'python']
[0.919s] Level 1:colcon.colcon_core.package_identification:_identify(src) by extension 'cmake'
[0.920s] Level 1:colcon.colcon_core.package_identification:_identify(src) by extension 'python'
[0.920s] Level 1:colcon.colcon_core.package_identification:_identify(src) by extensions ['python_setup_py']
[0.920s] Level 1:colcon.colcon_core.package_identification:_identify(src) by extension 'python_setup_py'
[0.920s] Level 1:colcon.colcon_core.package_identification:_identify(src/mycobot_ros2) by extensions ['ignore', 'ignore_ament_install']
[0.920s] Level 1:colcon.colcon_core.package_identification:_identify(src/mycobot_ros2) by extension 'ignore'
[0.920s] Level 1:colcon.colcon_core.package_identification:_identify(src/mycobot_ros2) by extension 'ignore_ament_install'
[0.921s] Level 1:colcon.colcon_core.package_identification:_identify(src/mycobot_ros2) by extensions ['colcon_pkg']
[0.921s] Level 1:colcon.colcon_core.package_identification:_identify(src/mycobot_ros2) by extension 'colcon_pkg'
[0.921s] Level 1:colcon.colcon_core.package_identification:_identify(src/mycobot_ros2) by extensions ['colcon_meta']
[0.921s] Level 1:colcon.colcon_core.package_identification:_identify(src/mycobot_ros2) by extension 'colcon_meta'
[0.921s] Level 1:colcon.colcon_core.package_identification:_identify(src/mycobot_ros2) by extensions ['ros']
[0.921s] Level 1:colcon.colcon_core.package_identification:_identify(src/mycobot_ros2) by extension 'ros'
[0.921s] Level 1:colcon.colcon_core.package_identification:_identify(src/mycobot_ros2) by extensions ['cmake', 'python']
[0.921s] Level 1:colcon.colcon_core.package_identification:_identify(src/mycobot_ros2) by extension 'cmake'
[0.921s] Level 1:colcon.colcon_core.package_identification:_identify(src/mycobot_ros2) by extension 'python'
[0.922s] Level 1:colcon.colcon_core.package_identification:_identify(src/mycobot_ros2) by extensions ['python_setup_py']
[0.922s] Level 1:colcon.colcon_core.package_identification:_identify(src/mycobot_ros2) by extension 'python_setup_py'
[0.922s] Level 1:colcon.colcon_core.package_identification:_identify(src/mycobot_ros2/build) by extensions ['ignore', 'ignore_ament_install']
[0.922s] Level 1:colcon.colcon_core.package_identification:_identify(src/mycobot_ros2/build) by extension 'ignore'
[0.922s] Level 1:colcon.colcon_core.package_identification:_identify(src/mycobot_ros2/build) ignored
[0.922s] Level 1:colcon.colcon_core.package_identification:_identify(src/mycobot_ros2/install) by extensions ['ignore', 'ignore_ament_install']
[0.923s] Level 1:colcon.colcon_core.package_identification:_identify(src/mycobot_ros2/install) by extension 'ignore'
[0.923s] Level 1:colcon.colcon_core.package_identification:_identify(src/mycobot_ros2/install) ignored
[0.923s] Level 1:colcon.colcon_core.package_identification:_identify(src/mycobot_ros2/log) by extensions ['ignore', 'ignore_ament_install']
[0.924s] Level 1:colcon.colcon_core.package_identification:_identify(src/mycobot_ros2/log) by extension 'ignore'
[0.924s] Level 1:colcon.colcon_core.package_identification:_identify(src/mycobot_ros2/log) ignored
[0.924s] Level 1:colcon.colcon_core.package_identification:_identify(src/mycobot_ros2/mycobot_description) by extensions ['ignore', 'ignore_ament_install']
[0.924s] Level 1:colcon.colcon_core.package_identification:_identify(src/mycobot_ros2/mycobot_description) by extension 'ignore'
[0.924s] Level 1:colcon.colcon_core.package_identification:_identify(src/mycobot_ros2/mycobot_description) by extension 'ignore_ament_install'
[0.924s] Level 1:colcon.colcon_core.package_identification:_identify(src/mycobot_ros2/mycobot_description) by extensions ['colcon_pkg']
[0.924s] Level 1:colcon.colcon_core.package_identification:_identify(src/mycobot_ros2/mycobot_description) by extension 'colcon_pkg'
[0.925s] Level 1:colcon.colcon_core.package_identification:_identify(src/mycobot_ros2/mycobot_description) by extensions ['colcon_meta']
[0.925s] Level 1:colcon.colcon_core.package_identification:_identify(src/mycobot_ros2/mycobot_description) by extension 'colcon_meta'
[0.925s] Level 1:colcon.colcon_core.package_identification:_identify(src/mycobot_ros2/mycobot_description) by extensions ['ros']
[0.925s] Level 1:colcon.colcon_core.package_identification:_identify(src/mycobot_ros2/mycobot_description) by extension 'ros'
[0.931s] DEBUG:colcon.colcon_core.package_identification:Package 'src/mycobot_ros2/mycobot_description' with type 'ros.ament_cmake' and name 'mycobot_description'
[0.931s] Level 1:colcon.colcon_core.package_identification:_identify(src/mycobot_ros2/mycobot_gazebo) by extensions ['ignore', 'ignore_ament_install']
[0.932s] Level 1:colcon.colcon_core.package_identification:_identify(src/mycobot_ros2/mycobot_gazebo) by extension 'ignore'
[0.932s] Level 1:colcon.colcon_core.package_identification:_identify(src/mycobot_ros2/mycobot_gazebo) by extension 'ignore_ament_install'
[0.932s] Level 1:colcon.colcon_core.package_identification:_identify(src/mycobot_ros2/mycobot_gazebo) by extensions ['colcon_pkg']
[0.932s] Level 1:colcon.colcon_core.package_identification:_identify(src/mycobot_ros2/mycobot_gazebo) by extension 'colcon_pkg'
[0.932s] Level 1:colcon.colcon_core.package_identification:_identify(src/mycobot_ros2/mycobot_gazebo) by extensions ['colcon_meta']
[0.932s] Level 1:colcon.colcon_core.package_identification:_identify(src/mycobot_ros2/mycobot_gazebo) by extension 'colcon_meta'
[0.932s] Level 1:colcon.colcon_core.package_identification:_identify(src/mycobot_ros2/mycobot_gazebo) by extensions ['ros']
[0.932s] Level 1:colcon.colcon_core.package_identification:_identify(src/mycobot_ros2/mycobot_gazebo) by extension 'ros'
[0.934s] DEBUG:colcon.colcon_core.package_identification:Package 'src/mycobot_ros2/mycobot_gazebo' with type 'ros.ament_cmake' and name 'mycobot_gazebo'
[0.934s] Level 1:colcon.colcon_core.package_identification:_identify(src/mycobot_ros2/mycobot_ros2) by extensions ['ignore', 'ignore_ament_install']
[0.935s] Level 1:colcon.colcon_core.package_identification:_identify(src/mycobot_ros2/mycobot_ros2) by extension 'ignore'
[0.935s] Level 1:colcon.colcon_core.package_identification:_identify(src/mycobot_ros2/mycobot_ros2) by extension 'ignore_ament_install'
[0.935s] Level 1:colcon.colcon_core.package_identification:_identify(src/mycobot_ros2/mycobot_ros2) by extensions ['colcon_pkg']
[0.935s] Level 1:colcon.colcon_core.package_identification:_identify(src/mycobot_ros2/mycobot_ros2) by extension 'colcon_pkg'
[0.935s] Level 1:colcon.colcon_core.package_identification:_identify(src/mycobot_ros2/mycobot_ros2) by extensions ['colcon_meta']
[0.935s] Level 1:colcon.colcon_core.package_identification:_identify(src/mycobot_ros2/mycobot_ros2) by extension 'colcon_meta'
[0.935s] Level 1:colcon.colcon_core.package_identification:_identify(src/mycobot_ros2/mycobot_ros2) by extensions ['ros']
[0.935s] Level 1:colcon.colcon_core.package_identification:_identify(src/mycobot_ros2/mycobot_ros2) by extension 'ros'
[0.937s] DEBUG:colcon.colcon_core.package_identification:Package 'src/mycobot_ros2/mycobot_ros2' with type 'ros.ament_cmake' and name 'mycobot_ros2'
[0.937s] Level 1:colcon.colcon_core.package_discovery:discover_packages(recursive) using defaults
[0.937s] Level 1:colcon.colcon_core.package_discovery:discover_packages(ignore) discover
[0.937s] Level 1:colcon.colcon_core.package_discovery:discover_packages(ignore) using defaults
[0.937s] Level 1:colcon.colcon_core.package_discovery:discover_packages(path) discover
[0.937s] Level 1:colcon.colcon_core.package_discovery:discover_packages(path) using defaults
[1.024s] Level 1:colcon.colcon_core.package_discovery:discover_packages(prefix_path) check parameters
[1.024s] Level 1:colcon.colcon_core.package_discovery:discover_packages(prefix_path) discover
[1.033s] DEBUG:colcon.colcon_installed_package_information.package_discovery:Found 1 installed packages in /home/joaquin/robot_arm_ws/install
[1.037s] DEBUG:colcon.colcon_installed_package_information.package_discovery:Found 38 installed packages in /home/joaquin/nav2_ws/install
[1.040s] DEBUG:colcon.colcon_installed_package_information.package_discovery:Found 1 installed packages in /home/joaquin/dev_ws/install
[1.046s] DEBUG:colcon.colcon_installed_package_information.package_discovery:Found 398 installed packages in /opt/ros/humble
[1.058s] Level 1:colcon.colcon_core.package_discovery:discover_packages(prefix_path) using defaults
[1.233s] Level 5:colcon.colcon_core.verb:set package 'mycobot_description' build argument 'cmake_args' from command line to 'None'
[1.233s] Level 5:colcon.colcon_core.verb:set package 'mycobot_description' build argument 'cmake_target' from command line to 'None'
[1.233s] Level 5:colcon.colcon_core.verb:set package 'mycobot_description' build argument 'cmake_target_skip_unavailable' from command line to 'False'
[1.233s] Level 5:colcon.colcon_core.verb:set package 'mycobot_description' build argument 'cmake_clean_cache' from command line to 'False'
[1.233s] Level 5:colcon.colcon_core.verb:set package 'mycobot_description' build argument 'cmake_clean_first' from command line to 'False'
[1.233s] Level 5:colcon.colcon_core.verb:set package 'mycobot_description' build argument 'cmake_force_configure' from command line to 'False'
[1.233s] Level 5:colcon.colcon_core.verb:set package 'mycobot_description' build argument 'ament_cmake_args' from command line to 'None'
[1.233s] Level 5:colcon.colcon_core.verb:set package 'mycobot_description' build argument 'catkin_cmake_args' from command line to 'None'
[1.234s] Level 5:colcon.colcon_core.verb:set package 'mycobot_description' build argument 'catkin_skip_building_tests' from command line to 'False'
[1.234s] DEBUG:colcon.colcon_core.verb:Building package 'mycobot_description' with the following arguments: {'ament_cmake_args': None, 'build_base': '/home/joaquin/robot_arm_ws/build/mycobot_description', 'catkin_cmake_args': None, 'catkin_skip_building_tests': False, 'cmake_args': None, 'cmake_clean_cache': False, 'cmake_clean_first': False, 'cmake_force_configure': False, 'cmake_target': None, 'cmake_target_skip_unavailable': False, 'install_base': '/home/joaquin/robot_arm_ws/install/mycobot_description', 'merge_install': False, 'path': '/home/joaquin/robot_arm_ws/src/mycobot_ros2/mycobot_description', 'symlink_install': False, 'test_result_base': None}
[1.235s] Level 5:colcon.colcon_core.verb:set package 'mycobot_gazebo' build argument 'cmake_args' from command line to 'None'
[1.235s] Level 5:colcon.colcon_core.verb:set package 'mycobot_gazebo' build argument 'cmake_target' from command line to 'None'
[1.235s] Level 5:colcon.colcon_core.verb:set package 'mycobot_gazebo' build argument 'cmake_target_skip_unavailable' from command line to 'False'
[1.235s] Level 5:colcon.colcon_core.verb:set package 'mycobot_gazebo' build argument 'cmake_clean_cache' from command line to 'False'
[1.235s] Level 5:colcon.colcon_core.verb:set package 'mycobot_gazebo' build argument 'cmake_clean_first' from command line to 'False'
[1.235s] Level 5:colcon.colcon_core.verb:set package 'mycobot_gazebo' build argument 'cmake_force_configure' from command line to 'False'
[1.235s] Level 5:colcon.colcon_core.verb:set package 'mycobot_gazebo' build argument 'ament_cmake_args' from command line to 'None'
[1.235s] Level 5:colcon.colcon_core.verb:set package 'mycobot_gazebo' build argument 'catkin_cmake_args' from command line to 'None'
[1.235s] Level 5:colcon.colcon_core.verb:set package 'mycobot_gazebo' build argument 'catkin_skip_building_tests' from command line to 'False'
[1.235s] DEBUG:colcon.colcon_core.verb:Building package 'mycobot_gazebo' with the following arguments: {'ament_cmake_args': None, 'build_base': '/home/joaquin/robot_arm_ws/build/mycobot_gazebo', 'catkin_cmake_args': None, 'catkin_skip_building_tests': False, 'cmake_args': None, 'cmake_clean_cache': False, 'cmake_clean_first': False, 'cmake_force_configure': False, 'cmake_target': None, 'cmake_target_skip_unavailable': False, 'install_base': '/home/joaquin/robot_arm_ws/install/mycobot_gazebo', 'merge_install': False, 'path': '/home/joaquin/robot_arm_ws/src/mycobot_ros2/mycobot_gazebo', 'symlink_install': False, 'test_result_base': None}
[1.237s] Level 5:colcon.colcon_core.verb:set package 'mycobot_ros2' build argument 'cmake_args' from command line to 'None'
[1.237s] Level 5:colcon.colcon_core.verb:set package 'mycobot_ros2' build argument 'cmake_target' from command line to 'None'
[1.237s] Level 5:colcon.colcon_core.verb:set package 'mycobot_ros2' build argument 'cmake_target_skip_unavailable' from command line to 'False'
[1.237s] Level 5:colcon.colcon_core.verb:set package 'mycobot_ros2' build argument 'cmake_clean_cache' from command line to 'False'
[1.237s] Level 5:colcon.colcon_core.verb:set package 'mycobot_ros2' build argument 'cmake_clean_first' from command line to 'False'
[1.237s] Level 5:colcon.colcon_core.verb:set package 'mycobot_ros2' build argument 'cmake_force_configure' from command line to 'False'
[1.237s] Level 5:colcon.colcon_core.verb:set package 'mycobot_ros2' build argument 'ament_cmake_args' from command line to 'None'
[1.237s] Level 5:colcon.colcon_core.verb:set package 'mycobot_ros2' build argument 'catkin_cmake_args' from command line to 'None'
[1.237s] Level 5:colcon.colcon_core.verb:set package 'mycobot_ros2' build argument 'catkin_skip_building_tests' from command line to 'False'
[1.237s] DEBUG:colcon.colcon_core.verb:Building package 'mycobot_ros2' with the following arguments: {'ament_cmake_args': None, 'build_base': '/home/joaquin/robot_arm_ws/build/mycobot_ros2', 'catkin_cmake_args': None, 'catkin_skip_building_tests': False, 'cmake_args': None, 'cmake_clean_cache': False, 'cmake_clean_first': False, 'cmake_force_configure': False, 'cmake_target': None, 'cmake_target_skip_unavailable': False, 'install_base': '/home/joaquin/robot_arm_ws/install/mycobot_ros2', 'merge_install': False, 'path': '/home/joaquin/robot_arm_ws/src/mycobot_ros2/mycobot_ros2', 'symlink_install': False, 'test_result_base': None}
[1.238s] INFO:colcon.colcon_core.executor:Executing jobs using 'parallel' executor
[1.240s] DEBUG:colcon.colcon_parallel_executor.executor.parallel:run_until_complete
[1.241s] INFO:colcon.colcon_ros.task.ament_cmake.build:Building ROS package in '/home/joaquin/robot_arm_ws/src/mycobot_ros2/mycobot_description' with build type 'ament_cmake'
[1.241s] INFO:colcon.colcon_cmake.task.cmake.build:Building CMake package in '/home/joaquin/robot_arm_ws/src/mycobot_ros2/mycobot_description'
[1.248s] INFO:colcon.colcon_core.plugin_system:Skipping extension 'colcon_core.shell.bat': Not used on non-Windows systems
[1.248s] INFO:colcon.colcon_core.shell:Skip shell extension 'powershell' for command environment: Not usable outside of PowerShell
[1.248s] DEBUG:colcon.colcon_core.shell:Skip shell extension 'dsv' for command environment
[1.272s] INFO:colcon.colcon_ros.task.ament_cmake.build:Building ROS package in '/home/joaquin/robot_arm_ws/src/mycobot_ros2/mycobot_gazebo' with build type 'ament_cmake'
[1.272s] INFO:colcon.colcon_cmake.task.cmake.build:Building CMake package in '/home/joaquin/robot_arm_ws/src/mycobot_ros2/mycobot_gazebo'
[1.273s] INFO:colcon.colcon_core.shell:Skip shell extension 'powershell' for command environment: Not usable outside of PowerShell
[1.273s] DEBUG:colcon.colcon_core.shell:Skip shell extension 'dsv' for command environment
[1.314s] DEBUG:colcon.colcon_core.event_handler.log_command:Invoking command in '/home/joaquin/robot_arm_ws/build/mycobot_description': CMAKE_PREFIX_PATH=${CMAKE_PREFIX_PATH}:/home/joaquin/nav2_ws/install/nav2_simple_commander:/opt/ros/humble /usr/bin/cmake /home/joaquin/robot_arm_ws/src/mycobot_ros2/mycobot_description -DCMAKE_INSTALL_PREFIX=/home/joaquin/robot_arm_ws/install/mycobot_description
[1.325s] DEBUG:colcon.colcon_core.event_handler.log_command:Invoking command in '/home/joaquin/robot_arm_ws/build/mycobot_gazebo': CMAKE_PREFIX_PATH=${CMAKE_PREFIX_PATH}:/home/joaquin/nav2_ws/install/nav2_simple_commander:/opt/ros/humble /usr/bin/cmake --build /home/joaquin/robot_arm_ws/build/mycobot_gazebo -- -j8 -l8
[2.578s] DEBUG:colcon.colcon_core.event_handler.log_command:Invoked command in '/home/joaquin/robot_arm_ws/build/mycobot_gazebo' returned '0': CMAKE_PREFIX_PATH=${CMAKE_PREFIX_PATH}:/home/joaquin/nav2_ws/install/nav2_simple_commander:/opt/ros/humble /usr/bin/cmake --build /home/joaquin/robot_arm_ws/build/mycobot_gazebo -- -j8 -l8
[2.749s] DEBUG:colcon.colcon_core.event_handler.log_command:Invoking command in '/home/joaquin/robot_arm_ws/build/mycobot_gazebo': CMAKE_PREFIX_PATH=${CMAKE_PREFIX_PATH}:/home/joaquin/nav2_ws/install/nav2_simple_commander:/opt/ros/humble /usr/bin/cmake --install /home/joaquin/robot_arm_ws/build/mycobot_gazebo
[2.972s] Level 1:colcon.colcon_core.environment:create_environment_scripts_only(mycobot_gazebo)
[2.974s] DEBUG:colcon.colcon_core.event_handler.log_command:Invoked command in '/home/joaquin/robot_arm_ws/build/mycobot_gazebo' returned '0': CMAKE_PREFIX_PATH=${CMAKE_PREFIX_PATH}:/home/joaquin/nav2_ws/install/nav2_simple_commander:/opt/ros/humble /usr/bin/cmake --install /home/joaquin/robot_arm_ws/build/mycobot_gazebo
[2.979s] Level 1:colcon.colcon_core.environment:checking '/home/joaquin/robot_arm_ws/install/mycobot_gazebo' for CMake module files
[2.981s] Level 1:colcon.colcon_core.environment:checking '/home/joaquin/robot_arm_ws/install/mycobot_gazebo' for CMake config files
[2.998s] Level 1:colcon.colcon_core.shell:create_environment_hook('mycobot_gazebo', 'cmake_prefix_path')
[2.999s] INFO:colcon.colcon_core.shell:Creating environment hook '/home/joaquin/robot_arm_ws/install/mycobot_gazebo/share/mycobot_gazebo/hook/cmake_prefix_path.ps1'
[3.001s] INFO:colcon.colcon_core.shell:Creating environment descriptor '/home/joaquin/robot_arm_ws/install/mycobot_gazebo/share/mycobot_gazebo/hook/cmake_prefix_path.dsv'
[3.003s] INFO:colcon.colcon_core.shell:Creating environment hook '/home/joaquin/robot_arm_ws/install/mycobot_gazebo/share/mycobot_gazebo/hook/cmake_prefix_path.sh'
[3.006s] Level 1:colcon.colcon_core.environment:checking '/home/joaquin/robot_arm_ws/install/mycobot_gazebo/lib'
[3.007s] Level 1:colcon.colcon_core.environment:checking '/home/joaquin/robot_arm_ws/install/mycobot_gazebo/bin'
[3.007s] Level 1:colcon.colcon_core.environment:checking '/home/joaquin/robot_arm_ws/install/mycobot_gazebo/lib/pkgconfig/mycobot_gazebo.pc'
[3.008s] Level 1:colcon.colcon_core.environment:checking '/home/joaquin/robot_arm_ws/install/mycobot_gazebo/lib/python3.10/site-packages'
[3.008s] Level 1:colcon.colcon_core.environment:checking '/home/joaquin/robot_arm_ws/install/mycobot_gazebo/bin'
[3.009s] INFO:colcon.colcon_core.shell:Creating package script '/home/joaquin/robot_arm_ws/install/mycobot_gazebo/share/mycobot_gazebo/package.ps1'
[3.012s] INFO:colcon.colcon_core.shell:Creating package descriptor '/home/joaquin/robot_arm_ws/install/mycobot_gazebo/share/mycobot_gazebo/package.dsv'
[3.013s] INFO:colcon.colcon_core.shell:Creating package script '/home/joaquin/robot_arm_ws/install/mycobot_gazebo/share/mycobot_gazebo/package.sh'
[3.015s] INFO:colcon.colcon_core.shell:Creating package script '/home/joaquin/robot_arm_ws/install/mycobot_gazebo/share/mycobot_gazebo/package.bash'
[3.018s] INFO:colcon.colcon_core.shell:Creating package script '/home/joaquin/robot_arm_ws/install/mycobot_gazebo/share/mycobot_gazebo/package.zsh'
[3.020s] Level 1:colcon.colcon_core.environment:create_file_with_runtime_dependencies(/home/joaquin/robot_arm_ws/install/mycobot_gazebo/share/colcon-core/packages/mycobot_gazebo)
[3.150s] Level 1:colcon.colcon_core.environment:create_environment_scripts_only(mycobot_gazebo)
[3.150s] Level 1:colcon.colcon_core.environment:checking '/home/joaquin/robot_arm_ws/install/mycobot_gazebo' for CMake module files
[3.152s] Level 1:colcon.colcon_core.environment:checking '/home/joaquin/robot_arm_ws/install/mycobot_gazebo' for CMake config files
[3.170s] Level 1:colcon.colcon_core.shell:create_environment_hook('mycobot_gazebo', 'cmake_prefix_path')
[3.171s] INFO:colcon.colcon_core.shell:Creating environment hook '/home/joaquin/robot_arm_ws/install/mycobot_gazebo/share/mycobot_gazebo/hook/cmake_prefix_path.ps1'
[3.173s] INFO:colcon.colcon_core.shell:Creating environment descriptor '/home/joaquin/robot_arm_ws/install/mycobot_gazebo/share/mycobot_gazebo/hook/cmake_prefix_path.dsv'
[3.174s] INFO:colcon.colcon_core.shell:Creating environment hook '/home/joaquin/robot_arm_ws/install/mycobot_gazebo/share/mycobot_gazebo/hook/cmake_prefix_path.sh'
[3.175s] Level 1:colcon.colcon_core.environment:checking '/home/joaquin/robot_arm_ws/install/mycobot_gazebo/lib'
[3.176s] Level 1:colcon.colcon_core.environment:checking '/home/joaquin/robot_arm_ws/install/mycobot_gazebo/bin'
[3.176s] Level 1:colcon.colcon_core.environment:checking '/home/joaquin/robot_arm_ws/install/mycobot_gazebo/lib/pkgconfig/mycobot_gazebo.pc'
[3.176s] Level 1:colcon.colcon_core.environment:checking '/home/joaquin/robot_arm_ws/install/mycobot_gazebo/lib/python3.10/site-packages'
[3.177s] Level 1:colcon.colcon_core.environment:checking '/home/joaquin/robot_arm_ws/install/mycobot_gazebo/bin'
[3.178s] INFO:colcon.colcon_core.shell:Creating package script '/home/joaquin/robot_arm_ws/install/mycobot_gazebo/share/mycobot_gazebo/package.ps1'
[3.179s] INFO:colcon.colcon_core.shell:Creating package descriptor '/home/joaquin/robot_arm_ws/install/mycobot_gazebo/share/mycobot_gazebo/package.dsv'
[3.180s] INFO:colcon.colcon_core.shell:Creating package script '/home/joaquin/robot_arm_ws/install/mycobot_gazebo/share/mycobot_gazebo/package.sh'
[3.181s] INFO:colcon.colcon_core.shell:Creating package script '/home/joaquin/robot_arm_ws/install/mycobot_gazebo/share/mycobot_gazebo/package.bash'
[3.182s] INFO:colcon.colcon_core.shell:Creating package script '/home/joaquin/robot_arm_ws/install/mycobot_gazebo/share/mycobot_gazebo/package.zsh'
[3.184s] Level 1:colcon.colcon_core.environment:create_file_with_runtime_dependencies(/home/joaquin/robot_arm_ws/install/mycobot_gazebo/share/colcon-core/packages/mycobot_gazebo)
[4.053s] DEBUG:colcon.colcon_core.event_handler.log_command:Invoked command in '/home/joaquin/robot_arm_ws/build/mycobot_description' returned '0': CMAKE_PREFIX_PATH=${CMAKE_PREFIX_PATH}:/home/joaquin/nav2_ws/install/nav2_simple_commander:/opt/ros/humble /usr/bin/cmake /home/joaquin/robot_arm_ws/src/mycobot_ros2/mycobot_description -DCMAKE_INSTALL_PREFIX=/home/joaquin/robot_arm_ws/install/mycobot_description
[4.054s] DEBUG:colcon.colcon_core.event_handler.log_command:Invoking command in '/home/joaquin/robot_arm_ws/build/mycobot_description': CMAKE_PREFIX_PATH=${CMAKE_PREFIX_PATH}:/home/joaquin/nav2_ws/install/nav2_simple_commander:/opt/ros/humble /usr/bin/cmake --build /home/joaquin/robot_arm_ws/build/mycobot_description -- -j8 -l8
[4.217s] DEBUG:colcon.colcon_core.event_handler.log_command:Invoked command in '/home/joaquin/robot_arm_ws/build/mycobot_description' returned '0': CMAKE_PREFIX_PATH=${CMAKE_PREFIX_PATH}:/home/joaquin/nav2_ws/install/nav2_simple_commander:/opt/ros/humble /usr/bin/cmake --build /home/joaquin/robot_arm_ws/build/mycobot_description -- -j8 -l8
[4.334s] DEBUG:colcon.colcon_core.event_handler.log_command:Invoking command in '/home/joaquin/robot_arm_ws/build/mycobot_description': CMAKE_PREFIX_PATH=${CMAKE_PREFIX_PATH}:/home/joaquin/nav2_ws/install/nav2_simple_commander:/opt/ros/humble /usr/bin/cmake --install /home/joaquin/robot_arm_ws/build/mycobot_description
[4.382s] Level 1:colcon.colcon_core.environment:create_environment_scripts_only(mycobot_description)
[4.384s] Level 1:colcon.colcon_core.environment:checking '/home/joaquin/robot_arm_ws/install/mycobot_description' for CMake module files
[4.386s] DEBUG:colcon.colcon_core.event_handler.log_command:Invoked command in '/home/joaquin/robot_arm_ws/build/mycobot_description' returned '0': CMAKE_PREFIX_PATH=${CMAKE_PREFIX_PATH}:/home/joaquin/nav2_ws/install/nav2_simple_commander:/opt/ros/humble /usr/bin/cmake --install /home/joaquin/robot_arm_ws/build/mycobot_description
[4.387s] Level 1:colcon.colcon_core.environment:checking '/home/joaquin/robot_arm_ws/install/mycobot_description' for CMake config files
[4.387s] Level 1:colcon.colcon_core.shell:create_environment_hook('mycobot_description', 'cmake_prefix_path')
[4.388s] INFO:colcon.colcon_core.shell:Creating environment hook '/home/joaquin/robot_arm_ws/install/mycobot_description/share/mycobot_description/hook/cmake_prefix_path.ps1'
[4.389s] INFO:colcon.colcon_core.shell:Creating environment descriptor '/home/joaquin/robot_arm_ws/install/mycobot_description/share/mycobot_description/hook/cmake_prefix_path.dsv'
[4.390s] INFO:colcon.colcon_core.shell:Creating environment hook '/home/joaquin/robot_arm_ws/install/mycobot_description/share/mycobot_description/hook/cmake_prefix_path.sh'
[4.391s] Level 1:colcon.colcon_core.environment:checking '/home/joaquin/robot_arm_ws/install/mycobot_description/bin'
[4.392s] Level 1:colcon.colcon_core.environment:checking '/home/joaquin/robot_arm_ws/install/mycobot_description/lib/pkgconfig/mycobot_description.pc'
[4.392s] Level 1:colcon.colcon_core.environment:checking '/home/joaquin/robot_arm_ws/install/mycobot_description/lib/python3.10/site-packages'
[4.393s] Level 1:colcon.colcon_core.environment:checking '/home/joaquin/robot_arm_ws/install/mycobot_description/bin'
[4.394s] INFO:colcon.colcon_core.shell:Creating package script '/home/joaquin/robot_arm_ws/install/mycobot_description/share/mycobot_description/package.ps1'
[4.395s] INFO:colcon.colcon_core.shell:Creating package descriptor '/home/joaquin/robot_arm_ws/install/mycobot_description/share/mycobot_description/package.dsv'
[4.396s] INFO:colcon.colcon_core.shell:Creating package script '/home/joaquin/robot_arm_ws/install/mycobot_description/share/mycobot_description/package.sh'
[4.397s] INFO:colcon.colcon_core.shell:Creating package script '/home/joaquin/robot_arm_ws/install/mycobot_description/share/mycobot_description/package.bash'
[4.398s] INFO:colcon.colcon_core.shell:Creating package script '/home/joaquin/robot_arm_ws/install/mycobot_description/share/mycobot_description/package.zsh'
[4.398s] Level 1:colcon.colcon_core.environment:create_file_with_runtime_dependencies(/home/joaquin/robot_arm_ws/install/mycobot_description/share/colcon-core/packages/mycobot_description)
[4.511s] Level 1:colcon.colcon_core.environment:create_environment_scripts_only(mycobot_description)
[4.512s] Level 1:colcon.colcon_core.environment:checking '/home/joaquin/robot_arm_ws/install/mycobot_description' for CMake module files
[4.513s] Level 1:colcon.colcon_core.environment:checking '/home/joaquin/robot_arm_ws/install/mycobot_description' for CMake config files
[4.514s] Level 1:colcon.colcon_core.shell:create_environment_hook('mycobot_description', 'cmake_prefix_path')
[4.515s] INFO:colcon.colcon_core.shell:Creating environment hook '/home/joaquin/robot_arm_ws/install/mycobot_description/share/mycobot_description/hook/cmake_prefix_path.ps1'
[4.516s] INFO:colcon.colcon_core.shell:Creating environment descriptor '/home/joaquin/robot_arm_ws/install/mycobot_description/share/mycobot_description/hook/cmake_prefix_path.dsv'
[4.517s] INFO:colcon.colcon_core.shell:Creating environment hook '/home/joaquin/robot_arm_ws/install/mycobot_description/share/mycobot_description/hook/cmake_prefix_path.sh'
[4.518s] Level 1:colcon.colcon_core.environment:checking '/home/joaquin/robot_arm_ws/install/mycobot_description/bin'
[4.519s] Level 1:colcon.colcon_core.environment:checking '/home/joaquin/robot_arm_ws/install/mycobot_description/lib/pkgconfig/mycobot_description.pc'
[4.519s] Level 1:colcon.colcon_core.environment:checking '/home/joaquin/robot_arm_ws/install/mycobot_description/lib/python3.10/site-packages'
[4.520s] Level 1:colcon.colcon_core.environment:checking '/home/joaquin/robot_arm_ws/install/mycobot_description/bin'
[4.520s] INFO:colcon.colcon_core.shell:Creating package script '/home/joaquin/robot_arm_ws/install/mycobot_description/share/mycobot_description/package.ps1'
[4.522s] INFO:colcon.colcon_core.shell:Creating package descriptor '/home/joaquin/robot_arm_ws/install/mycobot_description/share/mycobot_description/package.dsv'
[4.523s] INFO:colcon.colcon_core.shell:Creating package script '/home/joaquin/robot_arm_ws/install/mycobot_description/share/mycobot_description/package.sh'
[4.524s] INFO:colcon.colcon_core.shell:Creating package script '/home/joaquin/robot_arm_ws/install/mycobot_description/share/mycobot_description/package.bash'
[4.525s] INFO:colcon.colcon_core.shell:Creating package script '/home/joaquin/robot_arm_ws/install/mycobot_description/share/mycobot_description/package.zsh'
[4.527s] Level 1:colcon.colcon_core.environment:create_file_with_runtime_dependencies(/home/joaquin/robot_arm_ws/install/mycobot_description/share/colcon-core/packages/mycobot_description)
[4.528s] INFO:colcon.colcon_ros.task.ament_cmake.build:Building ROS package in '/home/joaquin/robot_arm_ws/src/mycobot_ros2/mycobot_ros2' with build type 'ament_cmake'
[4.528s] INFO:colcon.colcon_cmake.task.cmake.build:Building CMake package in '/home/joaquin/robot_arm_ws/src/mycobot_ros2/mycobot_ros2'
[4.529s] INFO:colcon.colcon_core.shell:Skip shell extension 'powershell' for command environment: Not usable outside of PowerShell
[4.529s] DEBUG:colcon.colcon_core.shell:Skip shell extension 'dsv' for command environment
[4.579s] DEBUG:colcon.colcon_core.event_handler.log_command:Invoking command in '/home/joaquin/robot_arm_ws/build/mycobot_ros2': AMENT_PREFIX_PATH=/home/joaquin/robot_arm_ws/install/mycobot_description:${AMENT_PREFIX_PATH} CMAKE_PREFIX_PATH=/home/joaquin/robot_arm_ws/install/mycobot_description:/home/joaquin/robot_arm_ws/install/mycobot_gazebo:/home/joaquin/nav2_ws/install/nav2_system_tests:/home/joaquin/nav2_ws/install/nav2_bringup:/home/joaquin/nav2_ws/install/navigation2:/home/joaquin/nav2_ws/install/nav2_smoother:/home/joaquin/nav2_ws/install/nav2_dwb_controller:/home/joaquin/nav2_ws/install/nav2_controller:/home/joaquin/nav2_ws/install/dwb_plugins:/home/joaquin/nav2_ws/install/dwb_critics:/home/joaquin/nav2_ws/install/dwb_core:/home/joaquin/nav2_ws/install/nav_2d_utils:/home/joaquin/nav2_ws/install/dwb_msgs:/home/joaquin/nav2_ws/install/nav_2d_msgs:/home/joaquin/nav2_ws/install/nav2_waypoint_follower:/home/joaquin/nav2_ws/install/nav2_theta_star_planner:/home/joaquin/nav2_ws/install/nav2_smac_planner:/home/joaquin/nav2_ws/install/nav2_rotation_shim_controller:/home/joaquin/nav2_ws/install/nav2_regulated_pure_pursuit_controller:/home/joaquin/nav2_ws/install/nav2_planner:/home/joaquin/nav2_ws/install/nav2_navfn_planner:/home/joaquin/nav2_ws/install/nav2_mppi_controller:/home/joaquin/nav2_ws/install/nav2_constrained_smoother:/home/joaquin/nav2_ws/install/nav2_bt_navigator:/home/joaquin/nav2_ws/install/nav2_behaviors:/home/joaquin/nav2_ws/install/nav2_core:/home/joaquin/nav2_ws/install/nav2_collision_monitor:/home/joaquin/nav2_ws/install/costmap_queue:/home/joaquin/nav2_ws/install/nav2_costmap_2d:/home/joaquin/nav2_ws/install/nav2_voxel_grid:/home/joaquin/nav2_ws/install/nav2_velocity_smoother:/home/joaquin/nav2_ws/install/nav2_rviz_plugins:/home/joaquin/nav2_ws/install/nav2_map_server:/home/joaquin/nav2_ws/install/nav2_lifecycle_manager:/home/joaquin/nav2_ws/install/nav2_behavior_tree:/home/joaquin/nav2_ws/install/nav2_amcl:/home/joaquin/nav2_ws/install/nav2_util:/home/joaquin/nav2_ws/install/nav2_msgs:/home/joaquin/nav2_ws/install/nav2_common:/home/joaquin/dev_ws/install/turtlesim:/home/joaquin/nav2_ws/install/nav2_simple_commander:/opt/ros/humble /usr/bin/cmake /home/joaquin/robot_arm_ws/src/mycobot_ros2/mycobot_ros2 -DCMAKE_INSTALL_PREFIX=/home/joaquin/robot_arm_ws/install/mycobot_ros2
[7.029s] DEBUG:colcon.colcon_core.event_handler.log_command:Invoked command in '/home/joaquin/robot_arm_ws/build/mycobot_ros2' returned '0': AMENT_PREFIX_PATH=/home/joaquin/robot_arm_ws/install/mycobot_description:${AMENT_PREFIX_PATH} CMAKE_PREFIX_PATH=/home/joaquin/robot_arm_ws/install/mycobot_description:/home/joaquin/robot_arm_ws/install/mycobot_gazebo:/home/joaquin/nav2_ws/install/nav2_system_tests:/home/joaquin/nav2_ws/install/nav2_bringup:/home/joaquin/nav2_ws/install/navigation2:/home/joaquin/nav2_ws/install/nav2_smoother:/home/joaquin/nav2_ws/install/nav2_dwb_controller:/home/joaquin/nav2_ws/install/nav2_controller:/home/joaquin/nav2_ws/install/dwb_plugins:/home/joaquin/nav2_ws/install/dwb_critics:/home/joaquin/nav2_ws/install/dwb_core:/home/joaquin/nav2_ws/install/nav_2d_utils:/home/joaquin/nav2_ws/install/dwb_msgs:/home/joaquin/nav2_ws/install/nav_2d_msgs:/home/joaquin/nav2_ws/install/nav2_waypoint_follower:/home/joaquin/nav2_ws/install/nav2_theta_star_planner:/home/joaquin/nav2_ws/install/nav2_smac_planner:/home/joaquin/nav2_ws/install/nav2_rotation_shim_controller:/home/joaquin/nav2_ws/install/nav2_regulated_pure_pursuit_controller:/home/joaquin/nav2_ws/install/nav2_planner:/home/joaquin/nav2_ws/install/nav2_navfn_planner:/home/joaquin/nav2_ws/install/nav2_mppi_controller:/home/joaquin/nav2_ws/install/nav2_constrained_smoother:/home/joaquin/nav2_ws/install/nav2_bt_navigator:/home/joaquin/nav2_ws/install/nav2_behaviors:/home/joaquin/nav2_ws/install/nav2_core:/home/joaquin/nav2_ws/install/nav2_collision_monitor:/home/joaquin/nav2_ws/install/costmap_queue:/home/joaquin/nav2_ws/install/nav2_costmap_2d:/home/joaquin/nav2_ws/install/nav2_voxel_grid:/home/joaquin/nav2_ws/install/nav2_velocity_smoother:/home/joaquin/nav2_ws/install/nav2_rviz_plugins:/home/joaquin/nav2_ws/install/nav2_map_server:/home/joaquin/nav2_ws/install/nav2_lifecycle_manager:/home/joaquin/nav2_ws/install/nav2_behavior_tree:/home/joaquin/nav2_ws/install/nav2_amcl:/home/joaquin/nav2_ws/install/nav2_util:/home/joaquin/nav2_ws/install/nav2_msgs:/home/joaquin/nav2_ws/install/nav2_common:/home/joaquin/dev_ws/install/turtlesim:/home/joaquin/nav2_ws/install/nav2_simple_commander:/opt/ros/humble /usr/bin/cmake /home/joaquin/robot_arm_ws/src/mycobot_ros2/mycobot_ros2 -DCMAKE_INSTALL_PREFIX=/home/joaquin/robot_arm_ws/install/mycobot_ros2
[7.034s] DEBUG:colcon.colcon_core.event_handler.log_command:Invoking command in '/home/joaquin/robot_arm_ws/build/mycobot_ros2': AMENT_PREFIX_PATH=/home/joaquin/robot_arm_ws/install/mycobot_description:${AMENT_PREFIX_PATH} CMAKE_PREFIX_PATH=/home/joaquin/robot_arm_ws/install/mycobot_description:/home/joaquin/robot_arm_ws/install/mycobot_gazebo:/home/joaquin/nav2_ws/install/nav2_system_tests:/home/joaquin/nav2_ws/install/nav2_bringup:/home/joaquin/nav2_ws/install/navigation2:/home/joaquin/nav2_ws/install/nav2_smoother:/home/joaquin/nav2_ws/install/nav2_dwb_controller:/home/joaquin/nav2_ws/install/nav2_controller:/home/joaquin/nav2_ws/install/dwb_plugins:/home/joaquin/nav2_ws/install/dwb_critics:/home/joaquin/nav2_ws/install/dwb_core:/home/joaquin/nav2_ws/install/nav_2d_utils:/home/joaquin/nav2_ws/install/dwb_msgs:/home/joaquin/nav2_ws/install/nav_2d_msgs:/home/joaquin/nav2_ws/install/nav2_waypoint_follower:/home/joaquin/nav2_ws/install/nav2_theta_star_planner:/home/joaquin/nav2_ws/install/nav2_smac_planner:/home/joaquin/nav2_ws/install/nav2_rotation_shim_controller:/home/joaquin/nav2_ws/install/nav2_regulated_pure_pursuit_controller:/home/joaquin/nav2_ws/install/nav2_planner:/home/joaquin/nav2_ws/install/nav2_navfn_planner:/home/joaquin/nav2_ws/install/nav2_mppi_controller:/home/joaquin/nav2_ws/install/nav2_constrained_smoother:/home/joaquin/nav2_ws/install/nav2_bt_navigator:/home/joaquin/nav2_ws/install/nav2_behaviors:/home/joaquin/nav2_ws/install/nav2_core:/home/joaquin/nav2_ws/install/nav2_collision_monitor:/home/joaquin/nav2_ws/install/costmap_queue:/home/joaquin/nav2_ws/install/nav2_costmap_2d:/home/joaquin/nav2_ws/install/nav2_voxel_grid:/home/joaquin/nav2_ws/install/nav2_velocity_smoother:/home/joaquin/nav2_ws/install/nav2_rviz_plugins:/home/joaquin/nav2_ws/install/nav2_map_server:/home/joaquin/nav2_ws/install/nav2_lifecycle_manager:/home/joaquin/nav2_ws/install/nav2_behavior_tree:/home/joaquin/nav2_ws/install/nav2_amcl:/home/joaquin/nav2_ws/install/nav2_util:/home/joaquin/nav2_ws/install/nav2_msgs:/home/joaquin/nav2_ws/install/nav2_common:/home/joaquin/dev_ws/install/turtlesim:/home/joaquin/nav2_ws/install/nav2_simple_commander:/opt/ros/humble /usr/bin/cmake --build /home/joaquin/robot_arm_ws/build/mycobot_ros2 -- -j8 -l8
[7.196s] DEBUG:colcon.colcon_core.event_handler.log_command:Invoked command in '/home/joaquin/robot_arm_ws/build/mycobot_ros2' returned '0': AMENT_PREFIX_PATH=/home/joaquin/robot_arm_ws/install/mycobot_description:${AMENT_PREFIX_PATH} CMAKE_PREFIX_PATH=/home/joaquin/robot_arm_ws/install/mycobot_description:/home/joaquin/robot_arm_ws/install/mycobot_gazebo:/home/joaquin/nav2_ws/install/nav2_system_tests:/home/joaquin/nav2_ws/install/nav2_bringup:/home/joaquin/nav2_ws/install/navigation2:/home/joaquin/nav2_ws/install/nav2_smoother:/home/joaquin/nav2_ws/install/nav2_dwb_controller:/home/joaquin/nav2_ws/install/nav2_controller:/home/joaquin/nav2_ws/install/dwb_plugins:/home/joaquin/nav2_ws/install/dwb_critics:/home/joaquin/nav2_ws/install/dwb_core:/home/joaquin/nav2_ws/install/nav_2d_utils:/home/joaquin/nav2_ws/install/dwb_msgs:/home/joaquin/nav2_ws/install/nav_2d_msgs:/home/joaquin/nav2_ws/install/nav2_waypoint_follower:/home/joaquin/nav2_ws/install/nav2_theta_star_planner:/home/joaquin/nav2_ws/install/nav2_smac_planner:/home/joaquin/nav2_ws/install/nav2_rotation_shim_controller:/home/joaquin/nav2_ws/install/nav2_regulated_pure_pursuit_controller:/home/joaquin/nav2_ws/install/nav2_planner:/home/joaquin/nav2_ws/install/nav2_navfn_planner:/home/joaquin/nav2_ws/install/nav2_mppi_controller:/home/joaquin/nav2_ws/install/nav2_constrained_smoother:/home/joaquin/nav2_ws/install/nav2_bt_navigator:/home/joaquin/nav2_ws/install/nav2_behaviors:/home/joaquin/nav2_ws/install/nav2_core:/home/joaquin/nav2_ws/install/nav2_collision_monitor:/home/joaquin/nav2_ws/install/costmap_queue:/home/joaquin/nav2_ws/install/nav2_costmap_2d:/home/joaquin/nav2_ws/install/nav2_voxel_grid:/home/joaquin/nav2_ws/install/nav2_velocity_smoother:/home/joaquin/nav2_ws/install/nav2_rviz_plugins:/home/joaquin/nav2_ws/install/nav2_map_server:/home/joaquin/nav2_ws/install/nav2_lifecycle_manager:/home/joaquin/nav2_ws/install/nav2_behavior_tree:/home/joaquin/nav2_ws/install/nav2_amcl:/home/joaquin/nav2_ws/install/nav2_util:/home/joaquin/nav2_ws/install/nav2_msgs:/home/joaquin/nav2_ws/install/nav2_common:/home/joaquin/dev_ws/install/turtlesim:/home/joaquin/nav2_ws/install/nav2_simple_commander:/opt/ros/humble /usr/bin/cmake --build /home/joaquin/robot_arm_ws/build/mycobot_ros2 -- -j8 -l8
[7.317s] DEBUG:colcon.colcon_core.event_handler.log_command:Invoking command in '/home/joaquin/robot_arm_ws/build/mycobot_ros2': AMENT_PREFIX_PATH=/home/joaquin/robot_arm_ws/install/mycobot_description:${AMENT_PREFIX_PATH} CMAKE_PREFIX_PATH=/home/joaquin/robot_arm_ws/install/mycobot_description:/home/joaquin/robot_arm_ws/install/mycobot_gazebo:/home/joaquin/nav2_ws/install/nav2_system_tests:/home/joaquin/nav2_ws/install/nav2_bringup:/home/joaquin/nav2_ws/install/navigation2:/home/joaquin/nav2_ws/install/nav2_smoother:/home/joaquin/nav2_ws/install/nav2_dwb_controller:/home/joaquin/nav2_ws/install/nav2_controller:/home/joaquin/nav2_ws/install/dwb_plugins:/home/joaquin/nav2_ws/install/dwb_critics:/home/joaquin/nav2_ws/install/dwb_core:/home/joaquin/nav2_ws/install/nav_2d_utils:/home/joaquin/nav2_ws/install/dwb_msgs:/home/joaquin/nav2_ws/install/nav_2d_msgs:/home/joaquin/nav2_ws/install/nav2_waypoint_follower:/home/joaquin/nav2_ws/install/nav2_theta_star_planner:/home/joaquin/nav2_ws/install/nav2_smac_planner:/home/joaquin/nav2_ws/install/nav2_rotation_shim_controller:/home/joaquin/nav2_ws/install/nav2_regulated_pure_pursuit_controller:/home/joaquin/nav2_ws/install/nav2_planner:/home/joaquin/nav2_ws/install/nav2_navfn_planner:/home/joaquin/nav2_ws/install/nav2_mppi_controller:/home/joaquin/nav2_ws/install/nav2_constrained_smoother:/home/joaquin/nav2_ws/install/nav2_bt_navigator:/home/joaquin/nav2_ws/install/nav2_behaviors:/home/joaquin/nav2_ws/install/nav2_core:/home/joaquin/nav2_ws/install/nav2_collision_monitor:/home/joaquin/nav2_ws/install/costmap_queue:/home/joaquin/nav2_ws/install/nav2_costmap_2d:/home/joaquin/nav2_ws/install/nav2_voxel_grid:/home/joaquin/nav2_ws/install/nav2_velocity_smoother:/home/joaquin/nav2_ws/install/nav2_rviz_plugins:/home/joaquin/nav2_ws/install/nav2_map_server:/home/joaquin/nav2_ws/install/nav2_lifecycle_manager:/home/joaquin/nav2_ws/install/nav2_behavior_tree:/home/joaquin/nav2_ws/install/nav2_amcl:/home/joaquin/nav2_ws/install/nav2_util:/home/joaquin/nav2_ws/install/nav2_msgs:/home/joaquin/nav2_ws/install/nav2_common:/home/joaquin/dev_ws/install/turtlesim:/home/joaquin/nav2_ws/install/nav2_simple_commander:/opt/ros/humble /usr/bin/cmake --install /home/joaquin/robot_arm_ws/build/mycobot_ros2
[7.366s] Level 1:colcon.colcon_core.environment:create_environment_scripts_only(mycobot_ros2)
[7.368s] Level 1:colcon.colcon_core.environment:checking '/home/joaquin/robot_arm_ws/install/mycobot_ros2' for CMake module files
[7.368s] DEBUG:colcon.colcon_core.event_handler.log_command:Invoked command in '/home/joaquin/robot_arm_ws/build/mycobot_ros2' returned '0': AMENT_PREFIX_PATH=/home/joaquin/robot_arm_ws/install/mycobot_description:${AMENT_PREFIX_PATH} CMAKE_PREFIX_PATH=/home/joaquin/robot_arm_ws/install/mycobot_description:/home/joaquin/robot_arm_ws/install/mycobot_gazebo:/home/joaquin/nav2_ws/install/nav2_system_tests:/home/joaquin/nav2_ws/install/nav2_bringup:/home/joaquin/nav2_ws/install/navigation2:/home/joaquin/nav2_ws/install/nav2_smoother:/home/joaquin/nav2_ws/install/nav2_dwb_controller:/home/joaquin/nav2_ws/install/nav2_controller:/home/joaquin/nav2_ws/install/dwb_plugins:/home/joaquin/nav2_ws/install/dwb_critics:/home/joaquin/nav2_ws/install/dwb_core:/home/joaquin/nav2_ws/install/nav_2d_utils:/home/joaquin/nav2_ws/install/dwb_msgs:/home/joaquin/nav2_ws/install/nav_2d_msgs:/home/joaquin/nav2_ws/install/nav2_waypoint_follower:/home/joaquin/nav2_ws/install/nav2_theta_star_planner:/home/joaquin/nav2_ws/install/nav2_smac_planner:/home/joaquin/nav2_ws/install/nav2_rotation_shim_controller:/home/joaquin/nav2_ws/install/nav2_regulated_pure_pursuit_controller:/home/joaquin/nav2_ws/install/nav2_planner:/home/joaquin/nav2_ws/install/nav2_navfn_planner:/home/joaquin/nav2_ws/install/nav2_mppi_controller:/home/joaquin/nav2_ws/install/nav2_constrained_smoother:/home/joaquin/nav2_ws/install/nav2_bt_navigator:/home/joaquin/nav2_ws/install/nav2_behaviors:/home/joaquin/nav2_ws/install/nav2_core:/home/joaquin/nav2_ws/install/nav2_collision_monitor:/home/joaquin/nav2_ws/install/costmap_queue:/home/joaquin/nav2_ws/install/nav2_costmap_2d:/home/joaquin/nav2_ws/install/nav2_voxel_grid:/home/joaquin/nav2_ws/install/nav2_velocity_smoother:/home/joaquin/nav2_ws/install/nav2_rviz_plugins:/home/joaquin/nav2_ws/install/nav2_map_server:/home/joaquin/nav2_ws/install/nav2_lifecycle_manager:/home/joaquin/nav2_ws/install/nav2_behavior_tree:/home/joaquin/nav2_ws/install/nav2_amcl:/home/joaquin/nav2_ws/install/nav2_util:/home/joaquin/nav2_ws/install/nav2_msgs:/home/joaquin/nav2_ws/install/nav2_common:/home/joaquin/dev_ws/install/turtlesim:/home/joaquin/nav2_ws/install/nav2_simple_commander:/opt/ros/humble /usr/bin/cmake --install /home/joaquin/robot_arm_ws/build/mycobot_ros2
[7.369s] Level 1:colcon.colcon_core.environment:checking '/home/joaquin/robot_arm_ws/install/mycobot_ros2' for CMake config files
[7.370s] Level 1:colcon.colcon_core.shell:create_environment_hook('mycobot_ros2', 'cmake_prefix_path')
[7.370s] INFO:colcon.colcon_core.shell:Creating environment hook '/home/joaquin/robot_arm_ws/install/mycobot_ros2/share/mycobot_ros2/hook/cmake_prefix_path.ps1'
[7.371s] INFO:colcon.colcon_core.shell:Creating environment descriptor '/home/joaquin/robot_arm_ws/install/mycobot_ros2/share/mycobot_ros2/hook/cmake_prefix_path.dsv'
[7.372s] INFO:colcon.colcon_core.shell:Creating environment hook '/home/joaquin/robot_arm_ws/install/mycobot_ros2/share/mycobot_ros2/hook/cmake_prefix_path.sh'
[7.373s] Level 1:colcon.colcon_core.environment:checking '/home/joaquin/robot_arm_ws/install/mycobot_ros2/bin'
[7.373s] Level 1:colcon.colcon_core.environment:checking '/home/joaquin/robot_arm_ws/install/mycobot_ros2/lib/pkgconfig/mycobot_ros2.pc'
[7.374s] Level 1:colcon.colcon_core.environment:checking '/home/joaquin/robot_arm_ws/install/mycobot_ros2/lib/python3.10/site-packages'
[7.375s] Level 1:colcon.colcon_core.environment:checking '/home/joaquin/robot_arm_ws/install/mycobot_ros2/bin'
[7.375s] INFO:colcon.colcon_core.shell:Creating package script '/home/joaquin/robot_arm_ws/install/mycobot_ros2/share/mycobot_ros2/package.ps1'
[7.376s] INFO:colcon.colcon_core.shell:Creating package descriptor '/home/joaquin/robot_arm_ws/install/mycobot_ros2/share/mycobot_ros2/package.dsv'
[7.378s] INFO:colcon.colcon_core.shell:Creating package script '/home/joaquin/robot_arm_ws/install/mycobot_ros2/share/mycobot_ros2/package.sh'
[7.378s] INFO:colcon.colcon_core.shell:Creating package script '/home/joaquin/robot_arm_ws/install/mycobot_ros2/share/mycobot_ros2/package.bash'
[7.379s] INFO:colcon.colcon_core.shell:Creating package script '/home/joaquin/robot_arm_ws/install/mycobot_ros2/share/mycobot_ros2/package.zsh'
[7.380s] Level 1:colcon.colcon_core.environment:create_file_with_runtime_dependencies(/home/joaquin/robot_arm_ws/install/mycobot_ros2/share/colcon-core/packages/mycobot_ros2)
[7.496s] Level 1:colcon.colcon_core.environment:create_environment_scripts_only(mycobot_ros2)
[7.497s] Level 1:colcon.colcon_core.environment:checking '/home/joaquin/robot_arm_ws/install/mycobot_ros2' for CMake module files
[7.499s] Level 1:colcon.colcon_core.environment:checking '/home/joaquin/robot_arm_ws/install/mycobot_ros2' for CMake config files
[7.499s] Level 1:colcon.colcon_core.shell:create_environment_hook('mycobot_ros2', 'cmake_prefix_path')
[7.500s] INFO:colcon.colcon_core.shell:Creating environment hook '/home/joaquin/robot_arm_ws/install/mycobot_ros2/share/mycobot_ros2/hook/cmake_prefix_path.ps1'
[7.501s] INFO:colcon.colcon_core.shell:Creating environment descriptor '/home/joaquin/robot_arm_ws/install/mycobot_ros2/share/mycobot_ros2/hook/cmake_prefix_path.dsv'
[7.502s] INFO:colcon.colcon_core.shell:Creating environment hook '/home/joaquin/robot_arm_ws/install/mycobot_ros2/share/mycobot_ros2/hook/cmake_prefix_path.sh'
[7.503s] Level 1:colcon.colcon_core.environment:checking '/home/joaquin/robot_arm_ws/install/mycobot_ros2/bin'
[7.503s] Level 1:colcon.colcon_core.environment:checking '/home/joaquin/robot_arm_ws/install/mycobot_ros2/lib/pkgconfig/mycobot_ros2.pc'
[7.504s] Level 1:colcon.colcon_core.environment:checking '/home/joaquin/robot_arm_ws/install/mycobot_ros2/lib/python3.10/site-packages'
[7.505s] Level 1:colcon.colcon_core.environment:checking '/home/joaquin/robot_arm_ws/install/mycobot_ros2/bin'
[7.506s] INFO:colcon.colcon_core.shell:Creating package script '/home/joaquin/robot_arm_ws/install/mycobot_ros2/share/mycobot_ros2/package.ps1'
[7.507s] INFO:colcon.colcon_core.shell:Creating package descriptor '/home/joaquin/robot_arm_ws/install/mycobot_ros2/share/mycobot_ros2/package.dsv'
[7.508s] INFO:colcon.colcon_core.shell:Creating package script '/home/joaquin/robot_arm_ws/install/mycobot_ros2/share/mycobot_ros2/package.sh'
[7.509s] INFO:colcon.colcon_core.shell:Creating package script '/home/joaquin/robot_arm_ws/install/mycobot_ros2/share/mycobot_ros2/package.bash'
[7.510s] INFO:colcon.colcon_core.shell:Creating package script '/home/joaquin/robot_arm_ws/install/mycobot_ros2/share/mycobot_ros2/package.zsh'
[7.511s] Level 1:colcon.colcon_core.environment:create_file_with_runtime_dependencies(/home/joaquin/robot_arm_ws/install/mycobot_ros2/share/colcon-core/packages/mycobot_ros2)
[7.512s] DEBUG:colcon.colcon_parallel_executor.executor.parallel:closing loop
[7.513s] DEBUG:colcon.colcon_parallel_executor.executor.parallel:loop closed
[7.513s] DEBUG:colcon.colcon_parallel_executor.executor.parallel:run_until_complete finished with '0'
[7.513s] DEBUG:colcon.colcon_core.event_reactor:joining thread
[7.530s] INFO:colcon.colcon_core.plugin_system:Skipping extension 'colcon_notification.desktop_notification.terminal_notifier': Not used on non-Darwin systems
[7.531s] INFO:colcon.colcon_core.plugin_system:Skipping extension 'colcon_notification.desktop_notification.win32': Not used on non-Windows systems
[7.531s] INFO:colcon.colcon_notification.desktop_notification:Sending desktop notification using 'notify2'
[7.568s] DEBUG:colcon.colcon_core.event_reactor:joined thread
[7.569s] INFO:colcon.colcon_core.shell:Creating prefix script '/home/joaquin/robot_arm_ws/install/local_setup.ps1'
[7.571s] INFO:colcon.colcon_core.shell:Creating prefix util module '/home/joaquin/robot_arm_ws/install/_local_setup_util_ps1.py'
[7.576s] INFO:colcon.colcon_core.shell:Creating prefix chain script '/home/joaquin/robot_arm_ws/install/setup.ps1'
[7.584s] INFO:colcon.colcon_core.shell:Creating prefix script '/home/joaquin/robot_arm_ws/install/local_setup.sh'
[7.586s] INFO:colcon.colcon_core.shell:Creating prefix util module '/home/joaquin/robot_arm_ws/install/_local_setup_util_sh.py'
[7.587s] INFO:colcon.colcon_core.shell:Creating prefix chain script '/home/joaquin/robot_arm_ws/install/setup.sh'
[7.596s] INFO:colcon.colcon_core.shell:Creating prefix script '/home/joaquin/robot_arm_ws/install/local_setup.bash'
[7.597s] INFO:colcon.colcon_core.shell:Creating prefix chain script '/home/joaquin/robot_arm_ws/install/setup.bash'
[7.608s] INFO:colcon.colcon_core.shell:Creating prefix script '/home/joaquin/robot_arm_ws/install/local_setup.zsh'
[7.609s] INFO:colcon.colcon_core.shell:Creating prefix chain script '/home/joaquin/robot_arm_ws/install/setup.zsh'
