[0.020s] Invoking command in '/home/joaquin/robot_arm_ws/build/mycobot_gazebo': CMAKE_PREFIX_PATH=${CMAKE_PREFIX_PATH}:/home/joaquin/nav2_ws/install/nav2_simple_commander:/opt/ros/humble /usr/bin/cmake /home/joaquin/robot_arm_ws/src/mycobot_ros2/mycobot_gazebo -DCMAKE_INSTALL_PREFIX=/home/joaquin/robot_arm_ws/install/mycobot_gazebo
[0.043s] -- Found ament_cmake: 1.3.8 (/opt/ros/humble/share/ament_cmake/cmake)
[0.196s] -- Found controller_manager: 2.40.0 (/opt/ros/humble/share/controller_manager/cmake)
[0.235s] -- Found rosidl_generator_c: 3.1.5 (/opt/ros/humble/share/rosidl_generator_c/cmake)
[0.237s] -- Found rosidl_adapter: 3.1.5 (/opt/ros/humble/share/rosidl_adapter/cmake)
[0.245s] -- Found rosidl_generator_cpp: 3.1.5 (/opt/ros/humble/share/rosidl_generator_cpp/cmake)
[0.261s] -- Using all available rosidl_typesupport_c: rosidl_typesupport_fastrtps_c;rosidl_typesupport_introspection_c
[0.282s] -- Using all available rosidl_typesupport_cpp: rosidl_typesupport_fastrtps_cpp;rosidl_typesupport_introspection_cpp
[1.052s] -- Found rmw_implementation_cmake: 6.1.1 (/opt/ros/humble/share/rmw_implementation_cmake/cmake)
[1.056s] -- Found rmw_fastrtps_cpp: 6.2.6 (/opt/ros/humble/share/rmw_fastrtps_cpp/cmake)
[1.095s] -- Found TinyXML2 via Config file: TinyXML2_DIR-NOTFOUND
[1.107s] -- Found TinyXML2 via Config file: TinyXML2_DIR-NOTFOUND
[1.137s] -- Found TinyXML2 via Config file: TinyXML2_DIR-NOTFOUND
[1.148s] -- Found TinyXML2 via Config file: TinyXML2_DIR-NOTFOUND
[1.167s] -- Using RMW implementation 'rmw_fastrtps_cpp' as default
[1.832s] -- Found gazebo_ros: 3.7.0 (/opt/ros/humble/share/gazebo_ros/cmake)
[1.876s] -- Found DART: /usr/include (Required is at least version "6.6") found components: dart 
[1.917s] -- Looking for ignition-math6 -- found version 6.15.1
[1.921s] -- Searching for dependencies of ignition-math6
[1.923s] -- Looking for OGRE...
[1.932s] -- Found Ogre Ghadamon (1.9.0)
[1.932s] -- Found OGRE: optimized;/usr/lib/x86_64-linux-gnu/libOgreMain.so;debug;/usr/lib/x86_64-linux-gnu/libOgreMain.so
[1.943s] -- Looking for OGRE_Paging...
[1.943s] -- Found OGRE_Paging: optimized;/usr/lib/x86_64-linux-gnu/libOgrePaging.so;debug;/usr/lib/x86_64-linux-gnu/libOgrePaging.so
[1.944s] -- Looking for OGRE_Terrain...
[1.944s] -- Found OGRE_Terrain: optimized;/usr/lib/x86_64-linux-gnu/libOgreTerrain.so;debug;/usr/lib/x86_64-linux-gnu/libOgreTerrain.so
[1.944s] -- Looking for OGRE_Property...
[1.944s] -- Found OGRE_Property: optimized;/usr/lib/x86_64-linux-gnu/libOgreProperty.so;debug;/usr/lib/x86_64-linux-gnu/libOgreProperty.so
[1.944s] -- Looking for OGRE_RTShaderSystem...
[1.944s] -- Found OGRE_RTShaderSystem: optimized;/usr/lib/x86_64-linux-gnu/libOgreRTShaderSystem.so;debug;/usr/lib/x86_64-linux-gnu/libOgreRTShaderSystem.so
[1.944s] -- Looking for OGRE_Volume...
[1.944s] -- Found OGRE_Volume: optimized;/usr/lib/x86_64-linux-gnu/libOgreVolume.so;debug;/usr/lib/x86_64-linux-gnu/libOgreVolume.so
[1.944s] -- Looking for OGRE_Overlay...
[1.944s] -- Found OGRE_Overlay: optimized;/usr/lib/x86_64-linux-gnu/libOgreOverlay.so;debug;/usr/lib/x86_64-linux-gnu/libOgreOverlay.so
[2.284s] -- Looking for ignition-math6 -- found version 6.15.1
[2.284s] -- Looking for ignition-transport8 -- found version 8.2.1
[2.285s] -- Searching for dependencies of ignition-transport8
[2.313s] -- Found Protobuf: /usr/lib/x86_64-linux-gnu/libprotobuf.so (found suitable version "3.12.4", minimum required is "3") 
[2.331s] -- Config-file not installed for ZeroMQ -- checking for pkg-config
[2.339s] -- Checking for module 'libzmq >= 4'
[2.366s] --   Found libzmq , version 4.3.4
[2.442s] -- Checking for module 'uuid'
[2.470s] --   Found uuid, version 2.37.2
[2.537s] -- Looking for ignition-msgs5 -- found version 5.8.1
[2.537s] -- Searching for dependencies of ignition-msgs5
[2.568s] -- Looking for ignition-math6 -- found version 6.15.1
[2.576s] -- Checking for module 'tinyxml2'
[2.604s] --   Found tinyxml2, version 9.0.0
[2.668s] -- Looking for ignition-msgs5 -- found version 5.8.1
[2.669s] -- Looking for ignition-common3 -- found version 3.14.0
[2.669s] -- Searching for dependencies of ignition-common3
[2.670s] -- Looking for dlfcn.h - found
[2.670s] -- Looking for libdl - found
[2.687s] -- Searching for <ignition-common3> component [graphics]
[2.687s] -- Looking for ignition-common3-graphics -- found version 3.14.0
[2.688s] -- Searching for dependencies of ignition-common3-graphics
[2.688s] -- Looking for ignition-math6 -- found version 6.15.1
[2.689s] -- Looking for ignition-fuel_tools4 -- found version 4.4.0
[2.690s] -- Searching for dependencies of ignition-fuel_tools4
[2.755s] -- Checking for module 'jsoncpp'
[2.784s] --   Found jsoncpp, version 1.9.5
[2.859s] -- Checking for module 'libzip'
[2.888s] --   Found libzip, version 1.7.3
[2.952s] -- Looking for ignition-common3 -- found version 3.14.0
[2.953s] -- Looking for ignition-math6 -- found version 6.15.1
[2.953s] -- Looking for ignition-msgs5 -- found version 5.8.1
[2.955s] -- Gazebo version: 11.10
[2.961s] -- Found ros_gz: 0.244.14 (/opt/ros/humble/share/ros_gz/cmake)
[2.961s] -- Found ros_gz_bridge: 0.244.14 (/opt/ros/humble/share/ros_gz_bridge/cmake)
[3.215s] -- Found Protobuf: /usr/lib/x86_64-linux-gnu/libprotobuf.so (found version "3.12.4") 
[4.080s] -- Found ros_gz_sim: 0.244.14 (/opt/ros/humble/share/ros_gz_sim/cmake)
[4.084s] -- Found ros_gz_image: 0.244.14 (/opt/ros/humble/share/ros_gz_image/cmake)
[4.084s] -- Found xacro: 2.0.8 (/opt/ros/humble/share/xacro/cmake)
[4.163s] [31mCMake Error at /opt/ros/humble/share/ament_cmake_python/cmake/ament_python_install_package.cmake:66 (message):
[4.163s]   ament_python_install_package() the Python package folder
[4.163s]   '/home/joaquin/robot_arm_ws/src/mycobot_ros2/mycobot_gazebo/mycobot_gazebo'
[4.164s]   doesn't contain an '__init__.py' file
[4.164s] Call Stack (most recent call first):
[4.164s]   /opt/ros/humble/share/ament_cmake_python/cmake/ament_python_install_package.cmake:39 (_ament_cmake_python_install_package)
[4.164s]   CMakeLists.txt:26 (ament_python_install_package)
[4.164s] 
[4.164s] [0m
[4.164s] -- Configuring incomplete, errors occurred!
[4.164s] See also "/home/joaquin/robot_arm_ws/build/mycobot_gazebo/CMakeFiles/CMakeOutput.log".
[4.180s] Invoked command in '/home/joaquin/robot_arm_ws/build/mycobot_gazebo' returned '1': CMAKE_PREFIX_PATH=${CMAKE_PREFIX_PATH}:/home/joaquin/nav2_ws/install/nav2_simple_commander:/opt/ros/humble /usr/bin/cmake /home/joaquin/robot_arm_ws/src/mycobot_ros2/mycobot_gazebo -DCMAKE_INSTALL_PREFIX=/home/joaquin/robot_arm_ws/install/mycobot_gazebo
