[0.074s] Invoking command in '/home/joaquin/robot_arm_ws/build/mycobot_gazebo': CMAKE_PREFIX_PATH=${CMAKE_PREFIX_PATH}:/home/joaquin/nav2_ws/install/nav2_simple_commander:/opt/ros/humble /usr/bin/cmake /home/joaquin/robot_arm_ws/src/mycobot_ros2/mycobot_gazebo -DCMAKE_INSTALL_PREFIX=/home/joaquin/robot_arm_ws/install/mycobot_gazebo
[0.216s] -- Found ament_cmake: 1.3.8 (/opt/ros/humble/share/ament_cmake/cmake)
[0.690s] -- Found controller_manager: 2.40.0 (/opt/ros/humble/share/controller_manager/cmake)
[0.854s] -- Found rosidl_generator_c: 3.1.5 (/opt/ros/humble/share/rosidl_generator_c/cmake)
[0.869s] -- Found rosidl_adapter: 3.1.5 (/opt/ros/humble/share/rosidl_adapter/cmake)
[0.898s] -- Found rosidl_generator_cpp: 3.1.5 (/opt/ros/humble/share/rosidl_generator_cpp/cmake)
[0.956s] -- Using all available rosidl_typesupport_c: rosidl_typesupport_fastrtps_c;rosidl_typesupport_introspection_c
[1.036s] -- Using all available rosidl_typesupport_cpp: rosidl_typesupport_fastrtps_cpp;rosidl_typesupport_introspection_cpp
[3.266s] -- Found rmw_implementation_cmake: 6.1.1 (/opt/ros/humble/share/rmw_implementation_cmake/cmake)
[3.279s] -- Found rmw_fastrtps_cpp: 6.2.6 (/opt/ros/humble/share/rmw_fastrtps_cpp/cmake)
[3.405s] -- Found TinyXML2 via Config file: TinyXML2_DIR-NOTFOUND
[3.449s] -- Found TinyXML2 via Config file: TinyXML2_DIR-NOTFOUND
[3.531s] -- Found TinyXML2 via Config file: TinyXML2_DIR-NOTFOUND
[3.560s] -- Found TinyXML2 via Config file: TinyXML2_DIR-NOTFOUND
[3.603s] -- Using RMW implementation 'rmw_fastrtps_cpp' as default
[5.441s] -- Found gazebo_ros: 3.7.0 (/opt/ros/humble/share/gazebo_ros/cmake)
[5.594s] -- Found DART: /usr/include (Required is at least version "6.6") found components: dart 
[5.743s] -- Looking for ignition-math6 -- found version 6.15.1
[5.769s] -- Searching for dependencies of ignition-math6
[5.776s] -- Looking for OGRE...
[5.799s] -- Found Ogre Ghadamon (1.9.0)
[5.800s] -- Found OGRE: optimized;/usr/lib/x86_64-linux-gnu/libOgreMain.so;debug;/usr/lib/x86_64-linux-gnu/libOgreMain.so
[5.829s] -- Looking for OGRE_Paging...
[5.829s] -- Found OGRE_Paging: optimized;/usr/lib/x86_64-linux-gnu/libOgrePaging.so;debug;/usr/lib/x86_64-linux-gnu/libOgrePaging.so
[5.830s] -- Looking for OGRE_Terrain...
[5.830s] -- Found OGRE_Terrain: optimized;/usr/lib/x86_64-linux-gnu/libOgreTerrain.so;debug;/usr/lib/x86_64-linux-gnu/libOgreTerrain.so
[5.830s] -- Looking for OGRE_Property...
[5.831s] -- Found OGRE_Property: optimized;/usr/lib/x86_64-linux-gnu/libOgreProperty.so;debug;/usr/lib/x86_64-linux-gnu/libOgreProperty.so
[5.831s] -- Looking for OGRE_RTShaderSystem...
[5.831s] -- Found OGRE_RTShaderSystem: optimized;/usr/lib/x86_64-linux-gnu/libOgreRTShaderSystem.so;debug;/usr/lib/x86_64-linux-gnu/libOgreRTShaderSystem.so
[5.831s] -- Looking for OGRE_Volume...
[5.831s] -- Found OGRE_Volume: optimized;/usr/lib/x86_64-linux-gnu/libOgreVolume.so;debug;/usr/lib/x86_64-linux-gnu/libOgreVolume.so
[5.832s] -- Looking for OGRE_Overlay...
[5.832s] -- Found OGRE_Overlay: optimized;/usr/lib/x86_64-linux-gnu/libOgreOverlay.so;debug;/usr/lib/x86_64-linux-gnu/libOgreOverlay.so
[6.683s] -- Looking for ignition-math6 -- found version 6.15.1
[6.695s] -- Looking for ignition-transport8 -- found version 8.2.1
[6.696s] -- Searching for dependencies of ignition-transport8
[6.768s] -- Found Protobuf: /usr/lib/x86_64-linux-gnu/libprotobuf.so (found suitable version "3.12.4", minimum required is "3") 
[6.813s] -- Config-file not installed for ZeroMQ -- checking for pkg-config
[6.829s] -- Checking for module 'libzmq >= 4'
[6.904s] --   Found libzmq , version 4.3.4
[7.099s] -- Checking for module 'uuid'
[7.165s] --   Found uuid, version 2.37.2
[7.322s] -- Looking for ignition-msgs5 -- found version 5.8.1
[7.324s] -- Searching for dependencies of ignition-msgs5
[7.396s] -- Looking for ignition-math6 -- found version 6.15.1
[7.414s] -- Checking for module 'tinyxml2'
[7.481s] --   Found tinyxml2, version 9.0.0
[7.648s] -- Looking for ignition-msgs5 -- found version 5.8.1
[7.650s] -- Looking for ignition-common3 -- found version 3.14.0
[7.652s] -- Searching for dependencies of ignition-common3
[7.653s] -- Looking for dlfcn.h - found
[7.653s] -- Looking for libdl - found
[7.700s] -- Searching for <ignition-common3> component [graphics]
[7.705s] -- Looking for ignition-common3-graphics -- found version 3.14.0
[7.705s] -- Searching for dependencies of ignition-common3-graphics
[7.707s] -- Looking for ignition-math6 -- found version 6.15.1
[7.713s] -- Looking for ignition-fuel_tools4 -- found version 4.4.0
[7.714s] -- Searching for dependencies of ignition-fuel_tools4
[7.882s] -- Checking for module 'jsoncpp'
[7.946s] --   Found jsoncpp, version 1.9.5
[8.131s] -- Checking for module 'libzip'
[8.197s] --   Found libzip, version 1.7.3
[8.349s] -- Looking for ignition-common3 -- found version 3.14.0
[8.350s] -- Looking for ignition-math6 -- found version 6.15.1
[8.351s] -- Looking for ignition-msgs5 -- found version 5.8.1
[8.369s] -- Gazebo version: 11.10
[8.386s] -- Found ros_gz: 0.244.14 (/opt/ros/humble/share/ros_gz/cmake)
[8.388s] -- Found ros_gz_bridge: 0.244.14 (/opt/ros/humble/share/ros_gz_bridge/cmake)
[9.038s] -- Found Protobuf: /usr/lib/x86_64-linux-gnu/libprotobuf.so (found version "3.12.4") 
[11.298s] -- Found ros_gz_sim: 0.244.14 (/opt/ros/humble/share/ros_gz_sim/cmake)
[11.309s] -- Found ros_gz_image: 0.244.14 (/opt/ros/humble/share/ros_gz_image/cmake)
[11.314s] -- Found xacro: 2.0.8 (/opt/ros/humble/share/xacro/cmake)
[11.502s] [31mCMake Error at /opt/ros/humble/share/ament_cmake_python/cmake/ament_python_install_package.cmake:66 (message):
[11.502s]   ament_python_install_package() the Python package folder
[11.502s]   '/home/joaquin/robot_arm_ws/src/mycobot_ros2/mycobot_gazebo/mycobot_gazebo'
[11.502s]   doesn't contain an '__init__.py' file
[11.503s] Call Stack (most recent call first):
[11.503s]   /opt/ros/humble/share/ament_cmake_python/cmake/ament_python_install_package.cmake:39 (_ament_cmake_python_install_package)
[11.503s]   CMakeLists.txt:26 (ament_python_install_package)
[11.503s] 
[11.503s] [0m
[11.504s] -- Configuring incomplete, errors occurred!
[11.504s] See also "/home/joaquin/robot_arm_ws/build/mycobot_gazebo/CMakeFiles/CMakeOutput.log".
[11.544s] Invoked command in '/home/joaquin/robot_arm_ws/build/mycobot_gazebo' returned '1': CMAKE_PREFIX_PATH=${CMAKE_PREFIX_PATH}:/home/joaquin/nav2_ws/install/nav2_simple_commander:/opt/ros/humble /usr/bin/cmake /home/joaquin/robot_arm_ws/src/mycobot_ros2/mycobot_gazebo -DCMAKE_INSTALL_PREFIX=/home/joaquin/robot_arm_ws/install/mycobot_gazebo
