-- Found ament_cmake: 1.3.8 (/opt/ros/humble/share/ament_cmake/cmake)
-- Found ament_lint_auto: 0.12.10 (/opt/ros/humble/share/ament_lint_auto/cmake)
-- Added test 'lint_cmake' to check CMake code style
-- Added test 'xmllint' to check XML markup files
-- Configuring done
-- Generating done
-- Build files have been written to: /home/joaquin/robot_arm_ws/build/mycobot_ros2
-- Install configuration: ""
-- Up-to-date: /home/joaquin/robot_arm_ws/install/mycobot_ros2/share/ament_index/resource_index/package_run_dependencies/mycobot_ros2
-- Installing: /home/joaquin/robot_arm_ws/install/mycobot_ros2/share/ament_index/resource_index/parent_prefix_path/mycobot_ros2
-- Up-to-date: /home/joaquin/robot_arm_ws/install/mycobot_ros2/share/mycobot_ros2/environment/ament_prefix_path.sh
-- Installing: /home/joaquin/robot_arm_ws/install/mycobot_ros2/share/mycobot_ros2/environment/ament_prefix_path.dsv
-- Up-to-date: /home/joaquin/robot_arm_ws/install/mycobot_ros2/share/mycobot_ros2/environment/path.sh
-- Installing: /home/joaquin/robot_arm_ws/install/mycobot_ros2/share/mycobot_ros2/environment/path.dsv
-- Up-to-date: /home/joaquin/robot_arm_ws/install/mycobot_ros2/share/mycobot_ros2/local_setup.bash
-- Up-to-date: /home/joaquin/robot_arm_ws/install/mycobot_ros2/share/mycobot_ros2/local_setup.sh
-- Up-to-date: /home/joaquin/robot_arm_ws/install/mycobot_ros2/share/mycobot_ros2/local_setup.zsh
-- Installing: /home/joaquin/robot_arm_ws/install/mycobot_ros2/share/mycobot_ros2/local_setup.dsv
-- Installing: /home/joaquin/robot_arm_ws/install/mycobot_ros2/share/mycobot_ros2/package.dsv
-- Up-to-date: /home/joaquin/robot_arm_ws/install/mycobot_ros2/share/ament_index/resource_index/packages/mycobot_ros2
-- Up-to-date: /home/joaquin/robot_arm_ws/install/mycobot_ros2/share/mycobot_ros2/cmake/mycobot_ros2Config.cmake
-- Up-to-date: /home/joaquin/robot_arm_ws/install/mycobot_ros2/share/mycobot_ros2/cmake/mycobot_ros2Config-version.cmake
-- Installing: /home/joaquin/robot_arm_ws/install/mycobot_ros2/share/mycobot_ros2/package.xml
