[0.055s] Invoking command in '/home/joaquin/robot_arm_ws/build/mycobot_gazebo': CMAKE_PREFIX_PATH=${CMAKE_PREFIX_PATH}:/home/joaquin/nav2_ws/install/nav2_simple_commander:/opt/ros/humble /usr/bin/cmake /home/joaquin/robot_arm_ws/src/mycobot_ros2/mycobot_gazebo -DCMAKE_INSTALL_PREFIX=/home/joaquin/robot_arm_ws/install/mycobot_gazebo
[0.109s] -- Found ament_cmake: 1.3.8 (/opt/ros/humble/share/ament_cmake/cmake)
[0.491s] -- Found controller_manager: 2.40.0 (/opt/ros/humble/share/controller_manager/cmake)
[0.589s] -- Found rosidl_generator_c: 3.1.5 (/opt/ros/humble/share/rosidl_generator_c/cmake)
[0.597s] -- Found rosidl_adapter: 3.1.5 (/opt/ros/humble/share/rosidl_adapter/cmake)
[0.618s] -- Found rosidl_generator_cpp: 3.1.5 (/opt/ros/humble/share/rosidl_generator_cpp/cmake)
[0.661s] -- Using all available rosidl_typesupport_c: rosidl_typesupport_fastrtps_c;rosidl_typesupport_introspection_c
[0.722s] -- Using all available rosidl_typesupport_cpp: rosidl_typesupport_fastrtps_cpp;rosidl_typesupport_introspection_cpp
[2.688s] -- Found rmw_implementation_cmake: 6.1.1 (/opt/ros/humble/share/rmw_implementation_cmake/cmake)
[2.696s] -- Found rmw_fastrtps_cpp: 6.2.6 (/opt/ros/humble/share/rmw_fastrtps_cpp/cmake)
[2.796s] -- Found TinyXML2 via Config file: TinyXML2_DIR-NOTFOUND
[2.829s] -- Found TinyXML2 via Config file: TinyXML2_DIR-NOTFOUND
[2.904s] -- Found TinyXML2 via Config file: TinyXML2_DIR-NOTFOUND
[2.933s] -- Found TinyXML2 via Config file: TinyXML2_DIR-NOTFOUND
[2.980s] -- Using RMW implementation 'rmw_fastrtps_cpp' as default
[4.801s] -- Found gazebo_ros: 3.7.0 (/opt/ros/humble/share/gazebo_ros/cmake)
[4.908s] -- Found DART: /usr/include (Required is at least version "6.6") found components: dart 
[5.010s] -- Looking for ignition-math6 -- found version 6.15.1
[5.022s] -- Searching for dependencies of ignition-math6
[5.026s] -- Looking for OGRE...
[5.048s] -- Found Ogre Ghadamon (1.9.0)
[5.048s] -- Found OGRE: optimized;/usr/lib/x86_64-linux-gnu/libOgreMain.so;debug;/usr/lib/x86_64-linux-gnu/libOgreMain.so
[5.076s] -- Looking for OGRE_Paging...
[5.077s] -- Found OGRE_Paging: optimized;/usr/lib/x86_64-linux-gnu/libOgrePaging.so;debug;/usr/lib/x86_64-linux-gnu/libOgrePaging.so
[5.077s] -- Looking for OGRE_Terrain...
[5.078s] -- Found OGRE_Terrain: optimized;/usr/lib/x86_64-linux-gnu/libOgreTerrain.so;debug;/usr/lib/x86_64-linux-gnu/libOgreTerrain.so
[5.078s] -- Looking for OGRE_Property...
[5.079s] -- Found OGRE_Property: optimized;/usr/lib/x86_64-linux-gnu/libOgreProperty.so;debug;/usr/lib/x86_64-linux-gnu/libOgreProperty.so
[5.079s] -- Looking for OGRE_RTShaderSystem...
[5.079s] -- Found OGRE_RTShaderSystem: optimized;/usr/lib/x86_64-linux-gnu/libOgreRTShaderSystem.so;debug;/usr/lib/x86_64-linux-gnu/libOgreRTShaderSystem.so
[5.079s] -- Looking for OGRE_Volume...
[5.079s] -- Found OGRE_Volume: optimized;/usr/lib/x86_64-linux-gnu/libOgreVolume.so;debug;/usr/lib/x86_64-linux-gnu/libOgreVolume.so
[5.080s] -- Looking for OGRE_Overlay...
[5.080s] -- Found OGRE_Overlay: optimized;/usr/lib/x86_64-linux-gnu/libOgreOverlay.so;debug;/usr/lib/x86_64-linux-gnu/libOgreOverlay.so
[5.896s] -- Looking for ignition-math6 -- found version 6.15.1
[5.898s] -- Looking for ignition-transport8 -- found version 8.2.1
[5.899s] -- Searching for dependencies of ignition-transport8
[5.966s] -- Found Protobuf: /usr/lib/x86_64-linux-gnu/libprotobuf.so (found suitable version "3.12.4", minimum required is "3") 
[6.008s] -- Config-file not installed for ZeroMQ -- checking for pkg-config
[6.025s] -- Checking for module 'libzmq >= 4'
[6.093s] --   Found libzmq , version 4.3.4
[6.273s] -- Checking for module 'uuid'
[6.336s] --   Found uuid, version 2.37.2
[6.494s] -- Looking for ignition-msgs5 -- found version 5.8.1
[6.495s] -- Searching for dependencies of ignition-msgs5
[6.576s] -- Looking for ignition-math6 -- found version 6.15.1
[6.594s] -- Checking for module 'tinyxml2'
[6.658s] --   Found tinyxml2, version 9.0.0
[6.813s] -- Looking for ignition-msgs5 -- found version 5.8.1
[6.814s] -- Looking for ignition-common3 -- found version 3.14.0
[6.815s] -- Searching for dependencies of ignition-common3
[6.816s] -- Looking for dlfcn.h - found
[6.816s] -- Looking for libdl - found
[6.856s] -- Searching for <ignition-common3> component [graphics]
[6.857s] -- Looking for ignition-common3-graphics -- found version 3.14.0
[6.859s] -- Searching for dependencies of ignition-common3-graphics
[6.860s] -- Looking for ignition-math6 -- found version 6.15.1
[6.864s] -- Looking for ignition-fuel_tools4 -- found version 4.4.0
[6.865s] -- Searching for dependencies of ignition-fuel_tools4
[7.024s] -- Checking for module 'jsoncpp'
[7.087s] --   Found jsoncpp, version 1.9.5
[7.256s] -- Checking for module 'libzip'
[7.320s] --   Found libzip, version 1.7.3
[7.475s] -- Looking for ignition-common3 -- found version 3.14.0
[7.476s] -- Looking for ignition-math6 -- found version 6.15.1
[7.477s] -- Looking for ignition-msgs5 -- found version 5.8.1
[7.481s] -- Gazebo version: 11.10
[7.497s] -- Found ros_gz: 0.244.14 (/opt/ros/humble/share/ros_gz/cmake)
[7.498s] -- Found ros_gz_bridge: 0.244.14 (/opt/ros/humble/share/ros_gz_bridge/cmake)
[8.119s] -- Found Protobuf: /usr/lib/x86_64-linux-gnu/libprotobuf.so (found version "3.12.4") 
[10.289s] -- Found ros_gz_sim: 0.244.14 (/opt/ros/humble/share/ros_gz_sim/cmake)
[10.298s] -- Found ros_gz_image: 0.244.14 (/opt/ros/humble/share/ros_gz_image/cmake)
[10.299s] -- Found xacro: 2.0.8 (/opt/ros/humble/share/xacro/cmake)
[10.483s] [31mCMake Error at /opt/ros/humble/share/ament_cmake_python/cmake/ament_python_install_package.cmake:66 (message):
[10.484s]   ament_python_install_package() the Python package folder
[10.484s]   '/home/joaquin/robot_arm_ws/src/mycobot_ros2/mycobot_gazebo/mycobot_gazebo'
[10.484s]   doesn't contain an '__init__.py' file
[10.484s] Call Stack (most recent call first):
[10.485s]   /opt/ros/humble/share/ament_cmake_python/cmake/ament_python_install_package.cmake:39 (_ament_cmake_python_install_package)
[10.485s]   CMakeLists.txt:26 (ament_python_install_package)
[10.485s] 
[10.485s] [0m
[10.486s] -- Configuring incomplete, errors occurred!
[10.487s] See also "/home/joaquin/robot_arm_ws/build/mycobot_gazebo/CMakeFiles/CMakeOutput.log".
[10.523s] Invoked command in '/home/joaquin/robot_arm_ws/build/mycobot_gazebo' returned '1': CMAKE_PREFIX_PATH=${CMAKE_PREFIX_PATH}:/home/joaquin/nav2_ws/install/nav2_simple_commander:/opt/ros/humble /usr/bin/cmake /home/joaquin/robot_arm_ws/src/mycobot_ros2/mycobot_gazebo -DCMAKE_INSTALL_PREFIX=/home/joaquin/robot_arm_ws/install/mycobot_gazebo
