[0.051s] Invoking command in '/home/joaquin/robot_arm_ws/build/mycobot_gazebo': CMAKE_PREFIX_PATH=${CMAKE_PREFIX_PATH}:/home/joaquin/nav2_ws/install/nav2_simple_commander:/opt/ros/humble /usr/bin/cmake /home/joaquin/robot_arm_ws/src/mycobot_ros2/mycobot_gazebo -DCMAKE_INSTALL_PREFIX=/home/joaquin/robot_arm_ws/install/mycobot_gazebo
[0.105s] -- Found ament_cmake: 1.3.8 (/opt/ros/humble/share/ament_cmake/cmake)
[0.483s] -- Found controller_manager: 2.40.0 (/opt/ros/humble/share/controller_manager/cmake)
[0.582s] -- Found rosidl_generator_c: 3.1.5 (/opt/ros/humble/share/rosidl_generator_c/cmake)
[0.590s] -- Found rosidl_adapter: 3.1.5 (/opt/ros/humble/share/rosidl_adapter/cmake)
[0.607s] -- Found rosidl_generator_cpp: 3.1.5 (/opt/ros/humble/share/rosidl_generator_cpp/cmake)
[0.645s] -- Using all available rosidl_typesupport_c: rosidl_typesupport_fastrtps_c;rosidl_typesupport_introspection_c
[0.698s] -- Using all available rosidl_typesupport_cpp: rosidl_typesupport_fastrtps_cpp;rosidl_typesupport_introspection_cpp
[2.627s] -- Found rmw_implementation_cmake: 6.1.1 (/opt/ros/humble/share/rmw_implementation_cmake/cmake)
[2.635s] -- Found rmw_fastrtps_cpp: 6.2.6 (/opt/ros/humble/share/rmw_fastrtps_cpp/cmake)
[2.743s] -- Found TinyXML2 via Config file: TinyXML2_DIR-NOTFOUND
[2.772s] -- Found TinyXML2 via Config file: TinyXML2_DIR-NOTFOUND
[2.847s] -- Found TinyXML2 via Config file: TinyXML2_DIR-NOTFOUND
[2.874s] -- Found TinyXML2 via Config file: TinyXML2_DIR-NOTFOUND
[2.917s] -- Using RMW implementation 'rmw_fastrtps_cpp' as default
[4.640s] -- Found gazebo_ros: 3.7.0 (/opt/ros/humble/share/gazebo_ros/cmake)
[4.743s] -- Found DART: /usr/include (Required is at least version "6.6") found components: dart 
[4.843s] -- Looking for ignition-math6 -- found version 6.15.1
[4.854s] -- Searching for dependencies of ignition-math6
[4.858s] -- Looking for OGRE...
[4.877s] -- Found Ogre Ghadamon (1.9.0)
[4.878s] -- Found OGRE: optimized;/usr/lib/x86_64-linux-gnu/libOgreMain.so;debug;/usr/lib/x86_64-linux-gnu/libOgreMain.so
[4.908s] -- Looking for OGRE_Paging...
[4.908s] -- Found OGRE_Paging: optimized;/usr/lib/x86_64-linux-gnu/libOgrePaging.so;debug;/usr/lib/x86_64-linux-gnu/libOgrePaging.so
[4.909s] -- Looking for OGRE_Terrain...
[4.909s] -- Found OGRE_Terrain: optimized;/usr/lib/x86_64-linux-gnu/libOgreTerrain.so;debug;/usr/lib/x86_64-linux-gnu/libOgreTerrain.so
[4.909s] -- Looking for OGRE_Property...
[4.910s] -- Found OGRE_Property: optimized;/usr/lib/x86_64-linux-gnu/libOgreProperty.so;debug;/usr/lib/x86_64-linux-gnu/libOgreProperty.so
[4.910s] -- Looking for OGRE_RTShaderSystem...
[4.911s] -- Found OGRE_RTShaderSystem: optimized;/usr/lib/x86_64-linux-gnu/libOgreRTShaderSystem.so;debug;/usr/lib/x86_64-linux-gnu/libOgreRTShaderSystem.so
[4.911s] -- Looking for OGRE_Volume...
[4.911s] -- Found OGRE_Volume: optimized;/usr/lib/x86_64-linux-gnu/libOgreVolume.so;debug;/usr/lib/x86_64-linux-gnu/libOgreVolume.so
[4.911s] -- Looking for OGRE_Overlay...
[4.911s] -- Found OGRE_Overlay: optimized;/usr/lib/x86_64-linux-gnu/libOgreOverlay.so;debug;/usr/lib/x86_64-linux-gnu/libOgreOverlay.so
[5.735s] -- Looking for ignition-math6 -- found version 6.15.1
[5.736s] -- Looking for ignition-transport8 -- found version 8.2.1
[5.737s] -- Searching for dependencies of ignition-transport8
[5.809s] -- Found Protobuf: /usr/lib/x86_64-linux-gnu/libprotobuf.so (found suitable version "3.12.4", minimum required is "3") 
[5.854s] -- Config-file not installed for ZeroMQ -- checking for pkg-config
[5.873s] -- Checking for module 'libzmq >= 4'
[5.939s] --   Found libzmq , version 4.3.4
[6.114s] -- Checking for module 'uuid'
[6.176s] --   Found uuid, version 2.37.2
[6.336s] -- Looking for ignition-msgs5 -- found version 5.8.1
[6.338s] -- Searching for dependencies of ignition-msgs5
[6.412s] -- Looking for ignition-math6 -- found version 6.15.1
[6.431s] -- Checking for module 'tinyxml2'
[6.498s] --   Found tinyxml2, version 9.0.0
[6.645s] -- Looking for ignition-msgs5 -- found version 5.8.1
[6.646s] -- Looking for ignition-common3 -- found version 3.14.0
[6.647s] -- Searching for dependencies of ignition-common3
[6.648s] -- Looking for dlfcn.h - found
[6.648s] -- Looking for libdl - found
[6.686s] -- Searching for <ignition-common3> component [graphics]
[6.687s] -- Looking for ignition-common3-graphics -- found version 3.14.0
[6.690s] -- Searching for dependencies of ignition-common3-graphics
[6.690s] -- Looking for ignition-math6 -- found version 6.15.1
[6.694s] -- Looking for ignition-fuel_tools4 -- found version 4.4.0
[6.695s] -- Searching for dependencies of ignition-fuel_tools4
[6.846s] -- Checking for module 'jsoncpp'
[6.912s] --   Found jsoncpp, version 1.9.5
[7.079s] -- Checking for module 'libzip'
[7.143s] --   Found libzip, version 1.7.3
[7.296s] -- Looking for ignition-common3 -- found version 3.14.0
[7.298s] -- Looking for ignition-math6 -- found version 6.15.1
[7.300s] -- Looking for ignition-msgs5 -- found version 5.8.1
[7.304s] -- Gazebo version: 11.10
[7.318s] -- Found ros_gz: 0.244.14 (/opt/ros/humble/share/ros_gz/cmake)
[7.319s] -- Found ros_gz_bridge: 0.244.14 (/opt/ros/humble/share/ros_gz_bridge/cmake)
[7.923s] -- Found Protobuf: /usr/lib/x86_64-linux-gnu/libprotobuf.so (found version "3.12.4") 
[10.078s] -- Found ros_gz_sim: 0.244.14 (/opt/ros/humble/share/ros_gz_sim/cmake)
[10.088s] -- Found ros_gz_image: 0.244.14 (/opt/ros/humble/share/ros_gz_image/cmake)
[10.089s] -- Found xacro: 2.0.8 (/opt/ros/humble/share/xacro/cmake)
[10.274s] [31mCMake Error at /opt/ros/humble/share/ament_cmake_python/cmake/ament_python_install_package.cmake:66 (message):
[10.275s]   ament_python_install_package() the Python package folder
[10.275s]   '/home/joaquin/robot_arm_ws/src/mycobot_ros2/mycobot_gazebo/mycobot_gazebo'
[10.275s]   doesn't contain an '__init__.py' file
[10.276s] Call Stack (most recent call first):
[10.276s]   /opt/ros/humble/share/ament_cmake_python/cmake/ament_python_install_package.cmake:39 (_ament_cmake_python_install_package)
[10.276s]   CMakeLists.txt:26 (ament_python_install_package)
[10.276s] 
[10.276s] [0m
[10.276s] -- Configuring incomplete, errors occurred!
[10.277s] See also "/home/joaquin/robot_arm_ws/build/mycobot_gazebo/CMakeFiles/CMakeOutput.log".
[10.312s] Invoked command in '/home/joaquin/robot_arm_ws/build/mycobot_gazebo' returned '1': CMAKE_PREFIX_PATH=${CMAKE_PREFIX_PATH}:/home/joaquin/nav2_ws/install/nav2_simple_commander:/opt/ros/humble /usr/bin/cmake /home/joaquin/robot_arm_ws/src/mycobot_ros2/mycobot_gazebo -DCMAKE_INSTALL_PREFIX=/home/joaquin/robot_arm_ws/install/mycobot_gazebo
