[0.020s] Invoking command in '/home/joaquin/robot_arm_ws/build/mycobot_gazebo': CMAKE_PREFIX_PATH=${CMAKE_PREFIX_PATH}:/home/joaquin/nav2_ws/install/nav2_simple_commander:/opt/ros/humble /usr/bin/cmake /home/joaquin/robot_arm_ws/src/mycobot_ros2/mycobot_gazebo -DCMAKE_INSTALL_PREFIX=/home/joaquin/robot_arm_ws/install/mycobot_gazebo
[0.041s] -- Found ament_cmake: 1.3.8 (/opt/ros/humble/share/ament_cmake/cmake)
[0.186s] -- Found controller_manager: 2.40.0 (/opt/ros/humble/share/controller_manager/cmake)
[0.224s] -- Found rosidl_generator_c: 3.1.5 (/opt/ros/humble/share/rosidl_generator_c/cmake)
[0.227s] -- Found rosidl_adapter: 3.1.5 (/opt/ros/humble/share/rosidl_adapter/cmake)
[0.234s] -- Found rosidl_generator_cpp: 3.1.5 (/opt/ros/humble/share/rosidl_generator_cpp/cmake)
[0.249s] -- Using all available rosidl_typesupport_c: rosidl_typesupport_fastrtps_c;rosidl_typesupport_introspection_c
[0.269s] -- Using all available rosidl_typesupport_cpp: rosidl_typesupport_fastrtps_cpp;rosidl_typesupport_introspection_cpp
[1.007s] -- Found rmw_implementation_cmake: 6.1.1 (/opt/ros/humble/share/rmw_implementation_cmake/cmake)
[1.010s] -- Found rmw_fastrtps_cpp: 6.2.6 (/opt/ros/humble/share/rmw_fastrtps_cpp/cmake)
[1.049s] -- Found TinyXML2 via Config file: TinyXML2_DIR-NOTFOUND
[1.061s] -- Found TinyXML2 via Config file: TinyXML2_DIR-NOTFOUND
[1.091s] -- Found TinyXML2 via Config file: TinyXML2_DIR-NOTFOUND
[1.103s] -- Found TinyXML2 via Config file: TinyXML2_DIR-NOTFOUND
[1.120s] -- Using RMW implementation 'rmw_fastrtps_cpp' as default
[1.774s] -- Found gazebo_ros: 3.7.0 (/opt/ros/humble/share/gazebo_ros/cmake)
[1.816s] -- Found DART: /usr/include (Required is at least version "6.6") found components: dart 
[1.854s] -- Looking for ignition-math6 -- found version 6.15.1
[1.859s] -- Searching for dependencies of ignition-math6
[1.861s] -- Looking for OGRE...
[1.869s] -- Found Ogre Ghadamon (1.9.0)
[1.869s] -- Found OGRE: optimized;/usr/lib/x86_64-linux-gnu/libOgreMain.so;debug;/usr/lib/x86_64-linux-gnu/libOgreMain.so
[1.881s] -- Looking for OGRE_Paging...
[1.881s] -- Found OGRE_Paging: optimized;/usr/lib/x86_64-linux-gnu/libOgrePaging.so;debug;/usr/lib/x86_64-linux-gnu/libOgrePaging.so
[1.881s] -- Looking for OGRE_Terrain...
[1.881s] -- Found OGRE_Terrain: optimized;/usr/lib/x86_64-linux-gnu/libOgreTerrain.so;debug;/usr/lib/x86_64-linux-gnu/libOgreTerrain.so
[1.881s] -- Looking for OGRE_Property...
[1.882s] -- Found OGRE_Property: optimized;/usr/lib/x86_64-linux-gnu/libOgreProperty.so;debug;/usr/lib/x86_64-linux-gnu/libOgreProperty.so
[1.882s] -- Looking for OGRE_RTShaderSystem...
[1.882s] -- Found OGRE_RTShaderSystem: optimized;/usr/lib/x86_64-linux-gnu/libOgreRTShaderSystem.so;debug;/usr/lib/x86_64-linux-gnu/libOgreRTShaderSystem.so
[1.882s] -- Looking for OGRE_Volume...
[1.882s] -- Found OGRE_Volume: optimized;/usr/lib/x86_64-linux-gnu/libOgreVolume.so;debug;/usr/lib/x86_64-linux-gnu/libOgreVolume.so
[1.882s] -- Looking for OGRE_Overlay...
[1.882s] -- Found OGRE_Overlay: optimized;/usr/lib/x86_64-linux-gnu/libOgreOverlay.so;debug;/usr/lib/x86_64-linux-gnu/libOgreOverlay.so
[2.190s] -- Looking for ignition-math6 -- found version 6.15.1
[2.190s] -- Looking for ignition-transport8 -- found version 8.2.1
[2.191s] -- Searching for dependencies of ignition-transport8
[2.219s] -- Found Protobuf: /usr/lib/x86_64-linux-gnu/libprotobuf.so (found suitable version "3.12.4", minimum required is "3") 
[2.238s] -- Config-file not installed for ZeroMQ -- checking for pkg-config
[2.246s] -- Checking for module 'libzmq >= 4'
[2.272s] --   Found libzmq , version 4.3.4
[2.345s] -- Checking for module 'uuid'
[2.370s] --   Found uuid, version 2.37.2
[2.430s] -- Looking for ignition-msgs5 -- found version 5.8.1
[2.430s] -- Searching for dependencies of ignition-msgs5
[2.460s] -- Looking for ignition-math6 -- found version 6.15.1
[2.467s] -- Checking for module 'tinyxml2'
[2.494s] --   Found tinyxml2, version 9.0.0
[2.554s] -- Looking for ignition-msgs5 -- found version 5.8.1
[2.554s] -- Looking for ignition-common3 -- found version 3.14.0
[2.555s] -- Searching for dependencies of ignition-common3
[2.555s] -- Looking for dlfcn.h - found
[2.555s] -- Looking for libdl - found
[2.571s] -- Searching for <ignition-common3> component [graphics]
[2.571s] -- Looking for ignition-common3-graphics -- found version 3.14.0
[2.572s] -- Searching for dependencies of ignition-common3-graphics
[2.572s] -- Looking for ignition-math6 -- found version 6.15.1
[2.573s] -- Looking for ignition-fuel_tools4 -- found version 4.4.0
[2.574s] -- Searching for dependencies of ignition-fuel_tools4
[2.642s] -- Checking for module 'jsoncpp'
[2.667s] --   Found jsoncpp, version 1.9.5
[2.736s] -- Checking for module 'libzip'
[2.761s] --   Found libzip, version 1.7.3
[2.824s] -- Looking for ignition-common3 -- found version 3.14.0
[2.824s] -- Looking for ignition-math6 -- found version 6.15.1
[2.825s] -- Looking for ignition-msgs5 -- found version 5.8.1
[2.826s] -- Gazebo version: 11.10
[2.832s] -- Found ros_gz: 0.244.14 (/opt/ros/humble/share/ros_gz/cmake)
[2.832s] -- Found ros_gz_bridge: 0.244.14 (/opt/ros/humble/share/ros_gz_bridge/cmake)
[3.069s] -- Found Protobuf: /usr/lib/x86_64-linux-gnu/libprotobuf.so (found version "3.12.4") 
[3.902s] -- Found ros_gz_sim: 0.244.14 (/opt/ros/humble/share/ros_gz_sim/cmake)
[3.906s] -- Found ros_gz_image: 0.244.14 (/opt/ros/humble/share/ros_gz_image/cmake)
[3.906s] -- Found xacro: 2.0.8 (/opt/ros/humble/share/xacro/cmake)
[3.977s] [31mCMake Error at /opt/ros/humble/share/ament_cmake_python/cmake/ament_python_install_package.cmake:66 (message):
[3.977s]   ament_python_install_package() the Python package folder
[3.978s]   '/home/joaquin/robot_arm_ws/src/mycobot_ros2/mycobot_gazebo/mycobot_gazebo'
[3.978s]   doesn't contain an '__init__.py' file
[3.978s] Call Stack (most recent call first):
[3.978s]   /opt/ros/humble/share/ament_cmake_python/cmake/ament_python_install_package.cmake:39 (_ament_cmake_python_install_package)
[3.978s]   CMakeLists.txt:26 (ament_python_install_package)
[3.978s] 
[3.978s] [0m
[3.978s] -- Configuring incomplete, errors occurred!
[3.978s] See also "/home/joaquin/robot_arm_ws/build/mycobot_gazebo/CMakeFiles/CMakeOutput.log".
[3.993s] Invoked command in '/home/joaquin/robot_arm_ws/build/mycobot_gazebo' returned '1': CMAKE_PREFIX_PATH=${CMAKE_PREFIX_PATH}:/home/joaquin/nav2_ws/install/nav2_simple_commander:/opt/ros/humble /usr/bin/cmake /home/joaquin/robot_arm_ws/src/mycobot_ros2/mycobot_gazebo -DCMAKE_INSTALL_PREFIX=/home/joaquin/robot_arm_ws/install/mycobot_gazebo
