-- Found ament_cmake: 1.3.8 (/opt/ros/humble/share/ament_cmake/cmake)
-- Found ament_lint_auto: 0.12.10 (/opt/ros/humble/share/ament_lint_auto/cmake)
-- Added test 'lint_cmake' to check CMake code style
-- Added test 'xmllint' to check XML markup files
-- Configuring done
-- Generating done
-- Build files have been written to: /home/joaquin/robot_arm_ws/build/mycobot_description
-- Install configuration: ""
-- Up-to-date: /home/joaquin/robot_arm_ws/install/mycobot_description/share/ament_index/resource_index/package_run_dependencies/mycobot_description
-- Installing: /home/joaquin/robot_arm_ws/install/mycobot_description/share/ament_index/resource_index/parent_prefix_path/mycobot_description
-- Up-to-date: /home/joaquin/robot_arm_ws/install/mycobot_description/share/mycobot_description/environment/ament_prefix_path.sh
-- Installing: /home/joaquin/robot_arm_ws/install/mycobot_description/share/mycobot_description/environment/ament_prefix_path.dsv
-- Up-to-date: /home/joaquin/robot_arm_ws/install/mycobot_description/share/mycobot_description/environment/path.sh
-- Installing: /home/joaquin/robot_arm_ws/install/mycobot_description/share/mycobot_description/environment/path.dsv
-- Up-to-date: /home/joaquin/robot_arm_ws/install/mycobot_description/share/mycobot_description/local_setup.bash
-- Up-to-date: /home/joaquin/robot_arm_ws/install/mycobot_description/share/mycobot_description/local_setup.sh
-- Up-to-date: /home/joaquin/robot_arm_ws/install/mycobot_description/share/mycobot_description/local_setup.zsh
-- Installing: /home/joaquin/robot_arm_ws/install/mycobot_description/share/mycobot_description/local_setup.dsv
-- Installing: /home/joaquin/robot_arm_ws/install/mycobot_description/share/mycobot_description/package.dsv
-- Up-to-date: /home/joaquin/robot_arm_ws/install/mycobot_description/share/ament_index/resource_index/packages/mycobot_description
-- Up-to-date: /home/joaquin/robot_arm_ws/install/mycobot_description/share/mycobot_description/cmake/mycobot_descriptionConfig.cmake
-- Up-to-date: /home/joaquin/robot_arm_ws/install/mycobot_description/share/mycobot_description/cmake/mycobot_descriptionConfig-version.cmake
-- Up-to-date: /home/joaquin/robot_arm_ws/install/mycobot_description/share/mycobot_description/package.xml
