[0.076s] Invoking command in '/home/joaquin/robot_arm_ws/build/mycobot_description': CMAKE_PREFIX_PATH=${CMAKE_PREFIX_PATH}:/home/joaquin/nav2_ws/install/nav2_simple_commander:/opt/ros/humble /usr/bin/cmake --build /home/joaquin/robot_arm_ws/build/mycobot_description -- -j8 -l8
[0.190s] -- Found ament_cmake: 1.3.8 (/opt/ros/humble/share/ament_cmake/cmake)
[0.585s] -- Found ament_lint_auto: 0.12.10 (/opt/ros/humble/share/ament_lint_auto/cmake)
[0.833s] -- Added test 'lint_cmake' to check CMake code style
[0.839s] -- Added test 'xmllint' to check XML markup files
[0.844s] -- Configuring done
[0.858s] -- Generating done
[0.862s] -- Build files have been written to: /home/joaquin/robot_arm_ws/build/mycobot_description
[0.950s] Invoked command in '/home/joaquin/robot_arm_ws/build/mycobot_description' returned '0': CMAKE_PREFIX_PATH=${CMAKE_PREFIX_PATH}:/home/joaquin/nav2_ws/install/nav2_simple_commander:/opt/ros/humble /usr/bin/cmake --build /home/joaquin/robot_arm_ws/build/mycobot_description -- -j8 -l8
[1.122s] Invoking command in '/home/joaquin/robot_arm_ws/build/mycobot_description': CMAKE_PREFIX_PATH=${CMAKE_PREFIX_PATH}:/home/joaquin/nav2_ws/install/nav2_simple_commander:/opt/ros/humble /usr/bin/cmake --install /home/joaquin/robot_arm_ws/build/mycobot_description
[1.156s] -- Install configuration: ""
[1.157s] -- Up-to-date: /home/joaquin/robot_arm_ws/install/mycobot_description/share/ament_index/resource_index/package_run_dependencies/mycobot_description
[1.157s] -- Installing: /home/joaquin/robot_arm_ws/install/mycobot_description/share/ament_index/resource_index/parent_prefix_path/mycobot_description
[1.158s] -- Up-to-date: /home/joaquin/robot_arm_ws/install/mycobot_description/share/mycobot_description/environment/ament_prefix_path.sh
[1.158s] -- Installing: /home/joaquin/robot_arm_ws/install/mycobot_description/share/mycobot_description/environment/ament_prefix_path.dsv
[1.159s] -- Up-to-date: /home/joaquin/robot_arm_ws/install/mycobot_description/share/mycobot_description/environment/path.sh
[1.159s] -- Installing: /home/joaquin/robot_arm_ws/install/mycobot_description/share/mycobot_description/environment/path.dsv
[1.159s] -- Up-to-date: /home/joaquin/robot_arm_ws/install/mycobot_description/share/mycobot_description/local_setup.bash
[1.160s] -- Up-to-date: /home/joaquin/robot_arm_ws/install/mycobot_description/share/mycobot_description/local_setup.sh
[1.160s] -- Up-to-date: /home/joaquin/robot_arm_ws/install/mycobot_description/share/mycobot_description/local_setup.zsh
[1.161s] -- Installing: /home/joaquin/robot_arm_ws/install/mycobot_description/share/mycobot_description/local_setup.dsv
[1.161s] -- Installing: /home/joaquin/robot_arm_ws/install/mycobot_description/share/mycobot_description/package.dsv
[1.161s] -- Up-to-date: /home/joaquin/robot_arm_ws/install/mycobot_description/share/ament_index/resource_index/packages/mycobot_description
[1.162s] -- Up-to-date: /home/joaquin/robot_arm_ws/install/mycobot_description/share/mycobot_description/cmake/mycobot_descriptionConfig.cmake
[1.163s] -- Up-to-date: /home/joaquin/robot_arm_ws/install/mycobot_description/share/mycobot_description/cmake/mycobot_descriptionConfig-version.cmake
[1.163s] -- Up-to-date: /home/joaquin/robot_arm_ws/install/mycobot_description/share/mycobot_description/package.xml
[1.168s] Invoked command in '/home/joaquin/robot_arm_ws/build/mycobot_description' returned '0': CMAKE_PREFIX_PATH=${CMAKE_PREFIX_PATH}:/home/joaquin/nav2_ws/install/nav2_simple_commander:/opt/ros/humble /usr/bin/cmake --install /home/joaquin/robot_arm_ws/build/mycobot_description
