[0.334s] DEBUG:colcon:Command line arguments: ['/usr/bin/colcon', 'build']
[0.334s] DEBUG:colcon:Parsed command line arguments: Namespace(log_base=None, log_level=None, verb_name='build', build_base='build', install_base='install', merge_install=False, symlink_install=False, test_result_base=None, continue_on_error=False, executor='parallel', parallel_workers=8, event_handlers=None, ignore_user_meta=False, metas=['./colcon.meta'], base_paths=['.'], packages_ignore=None, packages_ignore_regex=None, paths=None, packages_up_to=None, packages_up_to_regex=None, packages_above=None, packages_above_and_dependencies=None, packages_above_depth=None, packages_select_by_dep=None, packages_skip_by_dep=None, packages_skip_up_to=None, packages_select_build_failed=False, packages_skip_build_finished=False, packages_select_test_failures=False, packages_skip_test_passed=False, packages_select=None, packages_skip=None, packages_select_regex=None, packages_skip_regex=None, packages_start=None, packages_end=None, allow_overriding=[], cmake_args=None, cmake_target=None, cmake_target_skip_unavailable=False, cmake_clean_cache=False, cmake_clean_first=False, cmake_force_configure=False, ament_cmake_args=None, catkin_cmake_args=None, catkin_skip_building_tests=False, mixin_files=None, mixin=None, verb_parser=<colcon_mixin.mixin.mixin_argument.MixinArgumentDecorator object at 0x79bef0fe69e0>, verb_extension=<colcon_core.verb.build.BuildVerb object at 0x79bef0fe6260>, main=<bound method BuildVerb.main of <colcon_core.verb.build.BuildVerb object at 0x79bef0fe6260>>, mixin_verb=('build',))
[0.899s] Level 1:colcon.colcon_core.package_discovery:discover_packages(colcon_meta) check parameters
[0.899s] Level 1:colcon.colcon_core.package_discovery:discover_packages(recursive) check parameters
[0.899s] Level 1:colcon.colcon_core.package_discovery:discover_packages(ignore) check parameters
[0.900s] Level 1:colcon.colcon_core.package_discovery:discover_packages(path) check parameters
[0.900s] Level 1:colcon.colcon_core.package_discovery:discover_packages(colcon_meta) discover
[0.900s] Level 1:colcon.colcon_core.package_discovery:discover_packages(recursive) discover
[0.900s] INFO:colcon.colcon_core.package_discovery:Crawling recursively for packages in '/home/joaquin/robot_arm_ws'
[0.900s] Level 1:colcon.colcon_core.package_identification:_identify(.) by extensions ['ignore', 'ignore_ament_install']
[0.900s] Level 1:colcon.colcon_core.package_identification:_identify(.) by extension 'ignore'
[0.900s] Level 1:colcon.colcon_core.package_identification:_identify(.) by extension 'ignore_ament_install'
[0.901s] Level 1:colcon.colcon_core.package_identification:_identify(.) by extensions ['colcon_pkg']
[0.901s] Level 1:colcon.colcon_core.package_identification:_identify(.) by extension 'colcon_pkg'
[0.901s] Level 1:colcon.colcon_core.package_identification:_identify(.) by extensions ['colcon_meta']
[0.901s] Level 1:colcon.colcon_core.package_identification:_identify(.) by extension 'colcon_meta'
[0.901s] Level 1:colcon.colcon_core.package_identification:_identify(.) by extensions ['ros']
[0.901s] Level 1:colcon.colcon_core.package_identification:_identify(.) by extension 'ros'
[0.929s] Level 1:colcon.colcon_core.package_identification:_identify(.) by extensions ['cmake', 'python']
[0.929s] Level 1:colcon.colcon_core.package_identification:_identify(.) by extension 'cmake'
[0.929s] Level 1:colcon.colcon_core.package_identification:_identify(.) by extension 'python'
[0.929s] Level 1:colcon.colcon_core.package_identification:_identify(.) by extensions ['python_setup_py']
[0.929s] Level 1:colcon.colcon_core.package_identification:_identify(.) by extension 'python_setup_py'
[0.930s] Level 1:colcon.colcon_core.package_identification:_identify(build) by extensions ['ignore', 'ignore_ament_install']
[0.930s] Level 1:colcon.colcon_core.package_identification:_identify(build) by extension 'ignore'
[0.930s] Level 1:colcon.colcon_core.package_identification:_identify(build) ignored
[0.930s] Level 1:colcon.colcon_core.package_identification:_identify(install) by extensions ['ignore', 'ignore_ament_install']
[0.930s] Level 1:colcon.colcon_core.package_identification:_identify(install) by extension 'ignore'
[0.931s] Level 1:colcon.colcon_core.package_identification:_identify(install) ignored
[0.931s] Level 1:colcon.colcon_core.package_identification:_identify(log) by extensions ['ignore', 'ignore_ament_install']
[0.931s] Level 1:colcon.colcon_core.package_identification:_identify(log) by extension 'ignore'
[0.931s] Level 1:colcon.colcon_core.package_identification:_identify(log) ignored
[0.931s] Level 1:colcon.colcon_core.package_identification:_identify(src) by extensions ['ignore', 'ignore_ament_install']
[0.932s] Level 1:colcon.colcon_core.package_identification:_identify(src) by extension 'ignore'
[0.932s] Level 1:colcon.colcon_core.package_identification:_identify(src) by extension 'ignore_ament_install'
[0.932s] Level 1:colcon.colcon_core.package_identification:_identify(src) by extensions ['colcon_pkg']
[0.932s] Level 1:colcon.colcon_core.package_identification:_identify(src) by extension 'colcon_pkg'
[0.932s] Level 1:colcon.colcon_core.package_identification:_identify(src) by extensions ['colcon_meta']
[0.932s] Level 1:colcon.colcon_core.package_identification:_identify(src) by extension 'colcon_meta'
[0.932s] Level 1:colcon.colcon_core.package_identification:_identify(src) by extensions ['ros']
[0.932s] Level 1:colcon.colcon_core.package_identification:_identify(src) by extension 'ros'
[0.933s] Level 1:colcon.colcon_core.package_identification:_identify(src) by extensions ['cmake', 'python']
[0.933s] Level 1:colcon.colcon_core.package_identification:_identify(src) by extension 'cmake'
[0.933s] Level 1:colcon.colcon_core.package_identification:_identify(src) by extension 'python'
[0.933s] Level 1:colcon.colcon_core.package_identification:_identify(src) by extensions ['python_setup_py']
[0.933s] Level 1:colcon.colcon_core.package_identification:_identify(src) by extension 'python_setup_py'
[0.933s] Level 1:colcon.colcon_core.package_identification:_identify(src/mycobot_ros2) by extensions ['ignore', 'ignore_ament_install']
[0.933s] Level 1:colcon.colcon_core.package_identification:_identify(src/mycobot_ros2) by extension 'ignore'
[0.933s] Level 1:colcon.colcon_core.package_identification:_identify(src/mycobot_ros2) by extension 'ignore_ament_install'
[0.934s] Level 1:colcon.colcon_core.package_identification:_identify(src/mycobot_ros2) by extensions ['colcon_pkg']
[0.934s] Level 1:colcon.colcon_core.package_identification:_identify(src/mycobot_ros2) by extension 'colcon_pkg'
[0.934s] Level 1:colcon.colcon_core.package_identification:_identify(src/mycobot_ros2) by extensions ['colcon_meta']
[0.934s] Level 1:colcon.colcon_core.package_identification:_identify(src/mycobot_ros2) by extension 'colcon_meta'
[0.934s] Level 1:colcon.colcon_core.package_identification:_identify(src/mycobot_ros2) by extensions ['ros']
[0.934s] Level 1:colcon.colcon_core.package_identification:_identify(src/mycobot_ros2) by extension 'ros'
[0.934s] Level 1:colcon.colcon_core.package_identification:_identify(src/mycobot_ros2) by extensions ['cmake', 'python']
[0.934s] Level 1:colcon.colcon_core.package_identification:_identify(src/mycobot_ros2) by extension 'cmake'
[0.934s] Level 1:colcon.colcon_core.package_identification:_identify(src/mycobot_ros2) by extension 'python'
[0.935s] Level 1:colcon.colcon_core.package_identification:_identify(src/mycobot_ros2) by extensions ['python_setup_py']
[0.935s] Level 1:colcon.colcon_core.package_identification:_identify(src/mycobot_ros2) by extension 'python_setup_py'
[0.935s] Level 1:colcon.colcon_core.package_identification:_identify(src/mycobot_ros2/build) by extensions ['ignore', 'ignore_ament_install']
[0.935s] Level 1:colcon.colcon_core.package_identification:_identify(src/mycobot_ros2/build) by extension 'ignore'
[0.935s] Level 1:colcon.colcon_core.package_identification:_identify(src/mycobot_ros2/build) ignored
[0.935s] Level 1:colcon.colcon_core.package_identification:_identify(src/mycobot_ros2/install) by extensions ['ignore', 'ignore_ament_install']
[0.936s] Level 1:colcon.colcon_core.package_identification:_identify(src/mycobot_ros2/install) by extension 'ignore'
[0.936s] Level 1:colcon.colcon_core.package_identification:_identify(src/mycobot_ros2/install) ignored
[0.936s] Level 1:colcon.colcon_core.package_identification:_identify(src/mycobot_ros2/log) by extensions ['ignore', 'ignore_ament_install']
[0.936s] Level 1:colcon.colcon_core.package_identification:_identify(src/mycobot_ros2/log) by extension 'ignore'
[0.936s] Level 1:colcon.colcon_core.package_identification:_identify(src/mycobot_ros2/log) ignored
[0.937s] Level 1:colcon.colcon_core.package_identification:_identify(src/mycobot_ros2/mycobot_description) by extensions ['ignore', 'ignore_ament_install']
[0.937s] Level 1:colcon.colcon_core.package_identification:_identify(src/mycobot_ros2/mycobot_description) by extension 'ignore'
[0.937s] Level 1:colcon.colcon_core.package_identification:_identify(src/mycobot_ros2/mycobot_description) by extension 'ignore_ament_install'
[0.937s] Level 1:colcon.colcon_core.package_identification:_identify(src/mycobot_ros2/mycobot_description) by extensions ['colcon_pkg']
[0.937s] Level 1:colcon.colcon_core.package_identification:_identify(src/mycobot_ros2/mycobot_description) by extension 'colcon_pkg'
[0.937s] Level 1:colcon.colcon_core.package_identification:_identify(src/mycobot_ros2/mycobot_description) by extensions ['colcon_meta']
[0.937s] Level 1:colcon.colcon_core.package_identification:_identify(src/mycobot_ros2/mycobot_description) by extension 'colcon_meta'
[0.937s] Level 1:colcon.colcon_core.package_identification:_identify(src/mycobot_ros2/mycobot_description) by extensions ['ros']
[0.938s] Level 1:colcon.colcon_core.package_identification:_identify(src/mycobot_ros2/mycobot_description) by extension 'ros'
[0.943s] DEBUG:colcon.colcon_core.package_identification:Package 'src/mycobot_ros2/mycobot_description' with type 'ros.ament_cmake' and name 'mycobot_description'
[0.943s] Level 1:colcon.colcon_core.package_identification:_identify(src/mycobot_ros2/mycobot_gazebo) by extensions ['ignore', 'ignore_ament_install']
[0.944s] Level 1:colcon.colcon_core.package_identification:_identify(src/mycobot_ros2/mycobot_gazebo) by extension 'ignore'
[0.944s] Level 1:colcon.colcon_core.package_identification:_identify(src/mycobot_ros2/mycobot_gazebo) by extension 'ignore_ament_install'
[0.944s] Level 1:colcon.colcon_core.package_identification:_identify(src/mycobot_ros2/mycobot_gazebo) by extensions ['colcon_pkg']
[0.944s] Level 1:colcon.colcon_core.package_identification:_identify(src/mycobot_ros2/mycobot_gazebo) by extension 'colcon_pkg'
[0.944s] Level 1:colcon.colcon_core.package_identification:_identify(src/mycobot_ros2/mycobot_gazebo) by extensions ['colcon_meta']
[0.944s] Level 1:colcon.colcon_core.package_identification:_identify(src/mycobot_ros2/mycobot_gazebo) by extension 'colcon_meta'
[0.944s] Level 1:colcon.colcon_core.package_identification:_identify(src/mycobot_ros2/mycobot_gazebo) by extensions ['ros']
[0.944s] Level 1:colcon.colcon_core.package_identification:_identify(src/mycobot_ros2/mycobot_gazebo) by extension 'ros'
[0.946s] DEBUG:colcon.colcon_core.package_identification:Package 'src/mycobot_ros2/mycobot_gazebo' with type 'ros.ament_cmake' and name 'mycobot_gazebo'
[0.946s] Level 1:colcon.colcon_core.package_identification:_identify(src/mycobot_ros2/mycobot_ros2) by extensions ['ignore', 'ignore_ament_install']
[0.946s] Level 1:colcon.colcon_core.package_identification:_identify(src/mycobot_ros2/mycobot_ros2) by extension 'ignore'
[0.946s] Level 1:colcon.colcon_core.package_identification:_identify(src/mycobot_ros2/mycobot_ros2) by extension 'ignore_ament_install'
[0.947s] Level 1:colcon.colcon_core.package_identification:_identify(src/mycobot_ros2/mycobot_ros2) by extensions ['colcon_pkg']
[0.947s] Level 1:colcon.colcon_core.package_identification:_identify(src/mycobot_ros2/mycobot_ros2) by extension 'colcon_pkg'
[0.947s] Level 1:colcon.colcon_core.package_identification:_identify(src/mycobot_ros2/mycobot_ros2) by extensions ['colcon_meta']
[0.947s] Level 1:colcon.colcon_core.package_identification:_identify(src/mycobot_ros2/mycobot_ros2) by extension 'colcon_meta'
[0.947s] Level 1:colcon.colcon_core.package_identification:_identify(src/mycobot_ros2/mycobot_ros2) by extensions ['ros']
[0.947s] Level 1:colcon.colcon_core.package_identification:_identify(src/mycobot_ros2/mycobot_ros2) by extension 'ros'
[0.948s] DEBUG:colcon.colcon_core.package_identification:Package 'src/mycobot_ros2/mycobot_ros2' with type 'ros.ament_cmake' and name 'mycobot_ros2'
[0.948s] Level 1:colcon.colcon_core.package_discovery:discover_packages(recursive) using defaults
[0.949s] Level 1:colcon.colcon_core.package_discovery:discover_packages(ignore) discover
[0.949s] Level 1:colcon.colcon_core.package_discovery:discover_packages(ignore) using defaults
[0.949s] Level 1:colcon.colcon_core.package_discovery:discover_packages(path) discover
[0.949s] Level 1:colcon.colcon_core.package_discovery:discover_packages(path) using defaults
[1.033s] Level 1:colcon.colcon_core.package_discovery:discover_packages(prefix_path) check parameters
[1.034s] Level 1:colcon.colcon_core.package_discovery:discover_packages(prefix_path) discover
[1.045s] DEBUG:colcon.colcon_installed_package_information.package_discovery:Found 3 installed packages in /home/joaquin/robot_arm_ws/install
[1.056s] DEBUG:colcon.colcon_installed_package_information.package_discovery:Found 38 installed packages in /home/joaquin/nav2_ws/install
[1.059s] DEBUG:colcon.colcon_installed_package_information.package_discovery:Found 1 installed packages in /home/joaquin/dev_ws/install
[1.066s] DEBUG:colcon.colcon_installed_package_information.package_discovery:Found 398 installed packages in /opt/ros/humble
[1.079s] Level 1:colcon.colcon_core.package_discovery:discover_packages(prefix_path) using defaults
[1.262s] Level 5:colcon.colcon_core.verb:set package 'mycobot_description' build argument 'cmake_args' from command line to 'None'
[1.262s] Level 5:colcon.colcon_core.verb:set package 'mycobot_description' build argument 'cmake_target' from command line to 'None'
[1.262s] Level 5:colcon.colcon_core.verb:set package 'mycobot_description' build argument 'cmake_target_skip_unavailable' from command line to 'False'
[1.262s] Level 5:colcon.colcon_core.verb:set package 'mycobot_description' build argument 'cmake_clean_cache' from command line to 'False'
[1.262s] Level 5:colcon.colcon_core.verb:set package 'mycobot_description' build argument 'cmake_clean_first' from command line to 'False'
[1.263s] Level 5:colcon.colcon_core.verb:set package 'mycobot_description' build argument 'cmake_force_configure' from command line to 'False'
[1.263s] Level 5:colcon.colcon_core.verb:set package 'mycobot_description' build argument 'ament_cmake_args' from command line to 'None'
[1.263s] Level 5:colcon.colcon_core.verb:set package 'mycobot_description' build argument 'catkin_cmake_args' from command line to 'None'
[1.263s] Level 5:colcon.colcon_core.verb:set package 'mycobot_description' build argument 'catkin_skip_building_tests' from command line to 'False'
[1.263s] DEBUG:colcon.colcon_core.verb:Building package 'mycobot_description' with the following arguments: {'ament_cmake_args': None, 'build_base': '/home/joaquin/robot_arm_ws/build/mycobot_description', 'catkin_cmake_args': None, 'catkin_skip_building_tests': False, 'cmake_args': None, 'cmake_clean_cache': False, 'cmake_clean_first': False, 'cmake_force_configure': False, 'cmake_target': None, 'cmake_target_skip_unavailable': False, 'install_base': '/home/joaquin/robot_arm_ws/install/mycobot_description', 'merge_install': False, 'path': '/home/joaquin/robot_arm_ws/src/mycobot_ros2/mycobot_description', 'symlink_install': False, 'test_result_base': None}
[1.264s] Level 5:colcon.colcon_core.verb:set package 'mycobot_gazebo' build argument 'cmake_args' from command line to 'None'
[1.264s] Level 5:colcon.colcon_core.verb:set package 'mycobot_gazebo' build argument 'cmake_target' from command line to 'None'
[1.264s] Level 5:colcon.colcon_core.verb:set package 'mycobot_gazebo' build argument 'cmake_target_skip_unavailable' from command line to 'False'
[1.265s] Level 5:colcon.colcon_core.verb:set package 'mycobot_gazebo' build argument 'cmake_clean_cache' from command line to 'False'
[1.265s] Level 5:colcon.colcon_core.verb:set package 'mycobot_gazebo' build argument 'cmake_clean_first' from command line to 'False'
[1.265s] Level 5:colcon.colcon_core.verb:set package 'mycobot_gazebo' build argument 'cmake_force_configure' from command line to 'False'
[1.265s] Level 5:colcon.colcon_core.verb:set package 'mycobot_gazebo' build argument 'ament_cmake_args' from command line to 'None'
[1.265s] Level 5:colcon.colcon_core.verb:set package 'mycobot_gazebo' build argument 'catkin_cmake_args' from command line to 'None'
[1.265s] Level 5:colcon.colcon_core.verb:set package 'mycobot_gazebo' build argument 'catkin_skip_building_tests' from command line to 'False'
[1.265s] DEBUG:colcon.colcon_core.verb:Building package 'mycobot_gazebo' with the following arguments: {'ament_cmake_args': None, 'build_base': '/home/joaquin/robot_arm_ws/build/mycobot_gazebo', 'catkin_cmake_args': None, 'catkin_skip_building_tests': False, 'cmake_args': None, 'cmake_clean_cache': False, 'cmake_clean_first': False, 'cmake_force_configure': False, 'cmake_target': None, 'cmake_target_skip_unavailable': False, 'install_base': '/home/joaquin/robot_arm_ws/install/mycobot_gazebo', 'merge_install': False, 'path': '/home/joaquin/robot_arm_ws/src/mycobot_ros2/mycobot_gazebo', 'symlink_install': False, 'test_result_base': None}
[1.266s] Level 5:colcon.colcon_core.verb:set package 'mycobot_ros2' build argument 'cmake_args' from command line to 'None'
[1.266s] Level 5:colcon.colcon_core.verb:set package 'mycobot_ros2' build argument 'cmake_target' from command line to 'None'
[1.267s] Level 5:colcon.colcon_core.verb:set package 'mycobot_ros2' build argument 'cmake_target_skip_unavailable' from command line to 'False'
[1.267s] Level 5:colcon.colcon_core.verb:set package 'mycobot_ros2' build argument 'cmake_clean_cache' from command line to 'False'
[1.267s] Level 5:colcon.colcon_core.verb:set package 'mycobot_ros2' build argument 'cmake_clean_first' from command line to 'False'
[1.267s] Level 5:colcon.colcon_core.verb:set package 'mycobot_ros2' build argument 'cmake_force_configure' from command line to 'False'
[1.267s] Level 5:colcon.colcon_core.verb:set package 'mycobot_ros2' build argument 'ament_cmake_args' from command line to 'None'
[1.267s] Level 5:colcon.colcon_core.verb:set package 'mycobot_ros2' build argument 'catkin_cmake_args' from command line to 'None'
[1.267s] Level 5:colcon.colcon_core.verb:set package 'mycobot_ros2' build argument 'catkin_skip_building_tests' from command line to 'False'
[1.267s] DEBUG:colcon.colcon_core.verb:Building package 'mycobot_ros2' with the following arguments: {'ament_cmake_args': None, 'build_base': '/home/joaquin/robot_arm_ws/build/mycobot_ros2', 'catkin_cmake_args': None, 'catkin_skip_building_tests': False, 'cmake_args': None, 'cmake_clean_cache': False, 'cmake_clean_first': False, 'cmake_force_configure': False, 'cmake_target': None, 'cmake_target_skip_unavailable': False, 'install_base': '/home/joaquin/robot_arm_ws/install/mycobot_ros2', 'merge_install': False, 'path': '/home/joaquin/robot_arm_ws/src/mycobot_ros2/mycobot_ros2', 'symlink_install': False, 'test_result_base': None}
[1.268s] INFO:colcon.colcon_core.executor:Executing jobs using 'parallel' executor
[1.274s] DEBUG:colcon.colcon_parallel_executor.executor.parallel:run_until_complete
[1.275s] INFO:colcon.colcon_ros.task.ament_cmake.build:Building ROS package in '/home/joaquin/robot_arm_ws/src/mycobot_ros2/mycobot_description' with build type 'ament_cmake'
[1.276s] INFO:colcon.colcon_cmake.task.cmake.build:Building CMake package in '/home/joaquin/robot_arm_ws/src/mycobot_ros2/mycobot_description'
[1.282s] INFO:colcon.colcon_core.plugin_system:Skipping extension 'colcon_core.shell.bat': Not used on non-Windows systems
[1.282s] INFO:colcon.colcon_core.shell:Skip shell extension 'powershell' for command environment: Not usable outside of PowerShell
[1.282s] DEBUG:colcon.colcon_core.shell:Skip shell extension 'dsv' for command environment
[1.310s] INFO:colcon.colcon_ros.task.ament_cmake.build:Building ROS package in '/home/joaquin/robot_arm_ws/src/mycobot_ros2/mycobot_gazebo' with build type 'ament_cmake'
[1.311s] INFO:colcon.colcon_cmake.task.cmake.build:Building CMake package in '/home/joaquin/robot_arm_ws/src/mycobot_ros2/mycobot_gazebo'
[1.311s] INFO:colcon.colcon_core.shell:Skip shell extension 'powershell' for command environment: Not usable outside of PowerShell
[1.312s] DEBUG:colcon.colcon_core.shell:Skip shell extension 'dsv' for command environment
[1.351s] DEBUG:colcon.colcon_core.event_handler.log_command:Invoking command in '/home/joaquin/robot_arm_ws/build/mycobot_description': CMAKE_PREFIX_PATH=${CMAKE_PREFIX_PATH}:/home/joaquin/nav2_ws/install/nav2_simple_commander:/opt/ros/humble /usr/bin/cmake --build /home/joaquin/robot_arm_ws/build/mycobot_description -- -j8 -l8
[1.376s] DEBUG:colcon.colcon_core.event_handler.log_command:Invoking command in '/home/joaquin/robot_arm_ws/build/mycobot_gazebo': CMAKE_PREFIX_PATH=${CMAKE_PREFIX_PATH}:/home/joaquin/nav2_ws/install/nav2_simple_commander:/opt/ros/humble /usr/bin/cmake --build /home/joaquin/robot_arm_ws/build/mycobot_gazebo -- -j8 -l8
[2.226s] DEBUG:colcon.colcon_core.event_handler.log_command:Invoked command in '/home/joaquin/robot_arm_ws/build/mycobot_description' returned '0': CMAKE_PREFIX_PATH=${CMAKE_PREFIX_PATH}:/home/joaquin/nav2_ws/install/nav2_simple_commander:/opt/ros/humble /usr/bin/cmake --build /home/joaquin/robot_arm_ws/build/mycobot_description -- -j8 -l8
[2.398s] DEBUG:colcon.colcon_core.event_handler.log_command:Invoking command in '/home/joaquin/robot_arm_ws/build/mycobot_description': CMAKE_PREFIX_PATH=${CMAKE_PREFIX_PATH}:/home/joaquin/nav2_ws/install/nav2_simple_commander:/opt/ros/humble /usr/bin/cmake --install /home/joaquin/robot_arm_ws/build/mycobot_description
[2.442s] Level 1:colcon.colcon_core.environment:create_environment_scripts_only(mycobot_description)
[2.444s] DEBUG:colcon.colcon_core.event_handler.log_command:Invoked command in '/home/joaquin/robot_arm_ws/build/mycobot_description' returned '0': CMAKE_PREFIX_PATH=${CMAKE_PREFIX_PATH}:/home/joaquin/nav2_ws/install/nav2_simple_commander:/opt/ros/humble /usr/bin/cmake --install /home/joaquin/robot_arm_ws/build/mycobot_description
[2.458s] Level 1:colcon.colcon_core.environment:checking '/home/joaquin/robot_arm_ws/install/mycobot_description' for CMake module files
[2.459s] Level 1:colcon.colcon_core.environment:checking '/home/joaquin/robot_arm_ws/install/mycobot_description' for CMake config files
[2.460s] Level 1:colcon.colcon_core.shell:create_environment_hook('mycobot_description', 'cmake_prefix_path')
[2.460s] INFO:colcon.colcon_core.shell:Creating environment hook '/home/joaquin/robot_arm_ws/install/mycobot_description/share/mycobot_description/hook/cmake_prefix_path.ps1'
[2.462s] INFO:colcon.colcon_core.shell:Creating environment descriptor '/home/joaquin/robot_arm_ws/install/mycobot_description/share/mycobot_description/hook/cmake_prefix_path.dsv'
[2.463s] INFO:colcon.colcon_core.shell:Creating environment hook '/home/joaquin/robot_arm_ws/install/mycobot_description/share/mycobot_description/hook/cmake_prefix_path.sh'
[2.465s] Level 1:colcon.colcon_core.environment:checking '/home/joaquin/robot_arm_ws/install/mycobot_description/bin'
[2.466s] Level 1:colcon.colcon_core.environment:checking '/home/joaquin/robot_arm_ws/install/mycobot_description/lib/pkgconfig/mycobot_description.pc'
[2.466s] Level 1:colcon.colcon_core.environment:checking '/home/joaquin/robot_arm_ws/install/mycobot_description/lib/python3.10/site-packages'
[2.467s] Level 1:colcon.colcon_core.environment:checking '/home/joaquin/robot_arm_ws/install/mycobot_description/bin'
[2.467s] INFO:colcon.colcon_core.shell:Creating package script '/home/joaquin/robot_arm_ws/install/mycobot_description/share/mycobot_description/package.ps1'
[2.470s] INFO:colcon.colcon_core.shell:Creating package descriptor '/home/joaquin/robot_arm_ws/install/mycobot_description/share/mycobot_description/package.dsv'
[2.471s] INFO:colcon.colcon_core.shell:Creating package script '/home/joaquin/robot_arm_ws/install/mycobot_description/share/mycobot_description/package.sh'
[2.473s] INFO:colcon.colcon_core.shell:Creating package script '/home/joaquin/robot_arm_ws/install/mycobot_description/share/mycobot_description/package.bash'
[2.476s] INFO:colcon.colcon_core.shell:Creating package script '/home/joaquin/robot_arm_ws/install/mycobot_description/share/mycobot_description/package.zsh'
[2.478s] Level 1:colcon.colcon_core.environment:create_file_with_runtime_dependencies(/home/joaquin/robot_arm_ws/install/mycobot_description/share/colcon-core/packages/mycobot_description)
[2.605s] Level 1:colcon.colcon_core.environment:create_environment_scripts_only(mycobot_description)
[2.606s] Level 1:colcon.colcon_core.environment:checking '/home/joaquin/robot_arm_ws/install/mycobot_description' for CMake module files
[2.607s] Level 1:colcon.colcon_core.environment:checking '/home/joaquin/robot_arm_ws/install/mycobot_description' for CMake config files
[2.607s] Level 1:colcon.colcon_core.shell:create_environment_hook('mycobot_description', 'cmake_prefix_path')
[2.608s] INFO:colcon.colcon_core.shell:Creating environment hook '/home/joaquin/robot_arm_ws/install/mycobot_description/share/mycobot_description/hook/cmake_prefix_path.ps1'
[2.609s] INFO:colcon.colcon_core.shell:Creating environment descriptor '/home/joaquin/robot_arm_ws/install/mycobot_description/share/mycobot_description/hook/cmake_prefix_path.dsv'
[2.610s] INFO:colcon.colcon_core.shell:Creating environment hook '/home/joaquin/robot_arm_ws/install/mycobot_description/share/mycobot_description/hook/cmake_prefix_path.sh'
[2.611s] Level 1:colcon.colcon_core.environment:checking '/home/joaquin/robot_arm_ws/install/mycobot_description/bin'
[2.611s] Level 1:colcon.colcon_core.environment:checking '/home/joaquin/robot_arm_ws/install/mycobot_description/lib/pkgconfig/mycobot_description.pc'
[2.612s] Level 1:colcon.colcon_core.environment:checking '/home/joaquin/robot_arm_ws/install/mycobot_description/lib/python3.10/site-packages'
[2.612s] Level 1:colcon.colcon_core.environment:checking '/home/joaquin/robot_arm_ws/install/mycobot_description/bin'
[2.613s] INFO:colcon.colcon_core.shell:Creating package script '/home/joaquin/robot_arm_ws/install/mycobot_description/share/mycobot_description/package.ps1'
[2.614s] INFO:colcon.colcon_core.shell:Creating package descriptor '/home/joaquin/robot_arm_ws/install/mycobot_description/share/mycobot_description/package.dsv'
[2.615s] INFO:colcon.colcon_core.shell:Creating package script '/home/joaquin/robot_arm_ws/install/mycobot_description/share/mycobot_description/package.sh'
[2.616s] INFO:colcon.colcon_core.shell:Creating package script '/home/joaquin/robot_arm_ws/install/mycobot_description/share/mycobot_description/package.bash'
[2.617s] INFO:colcon.colcon_core.shell:Creating package script '/home/joaquin/robot_arm_ws/install/mycobot_description/share/mycobot_description/package.zsh'
[2.618s] Level 1:colcon.colcon_core.environment:create_file_with_runtime_dependencies(/home/joaquin/robot_arm_ws/install/mycobot_description/share/colcon-core/packages/mycobot_description)
[2.619s] INFO:colcon.colcon_ros.task.ament_cmake.build:Building ROS package in '/home/joaquin/robot_arm_ws/src/mycobot_ros2/mycobot_ros2' with build type 'ament_cmake'
[2.620s] INFO:colcon.colcon_cmake.task.cmake.build:Building CMake package in '/home/joaquin/robot_arm_ws/src/mycobot_ros2/mycobot_ros2'
[2.620s] INFO:colcon.colcon_core.shell:Skip shell extension 'powershell' for command environment: Not usable outside of PowerShell
[2.621s] DEBUG:colcon.colcon_core.shell:Skip shell extension 'dsv' for command environment
[2.674s] DEBUG:colcon.colcon_core.event_handler.log_command:Invoking command in '/home/joaquin/robot_arm_ws/build/mycobot_ros2': CMAKE_PREFIX_PATH=/home/joaquin/robot_arm_ws/install/mycobot_description:/home/joaquin/robot_arm_ws/install/mycobot_ros2:/home/joaquin/robot_arm_ws/install/mycobot_gazebo:/home/joaquin/nav2_ws/install/nav2_system_tests:/home/joaquin/nav2_ws/install/nav2_bringup:/home/joaquin/nav2_ws/install/navigation2:/home/joaquin/nav2_ws/install/nav2_smoother:/home/joaquin/nav2_ws/install/nav2_dwb_controller:/home/joaquin/nav2_ws/install/nav2_controller:/home/joaquin/nav2_ws/install/dwb_plugins:/home/joaquin/nav2_ws/install/dwb_critics:/home/joaquin/nav2_ws/install/dwb_core:/home/joaquin/nav2_ws/install/nav_2d_utils:/home/joaquin/nav2_ws/install/dwb_msgs:/home/joaquin/nav2_ws/install/nav_2d_msgs:/home/joaquin/nav2_ws/install/nav2_waypoint_follower:/home/joaquin/nav2_ws/install/nav2_theta_star_planner:/home/joaquin/nav2_ws/install/nav2_smac_planner:/home/joaquin/nav2_ws/install/nav2_rotation_shim_controller:/home/joaquin/nav2_ws/install/nav2_regulated_pure_pursuit_controller:/home/joaquin/nav2_ws/install/nav2_planner:/home/joaquin/nav2_ws/install/nav2_navfn_planner:/home/joaquin/nav2_ws/install/nav2_mppi_controller:/home/joaquin/nav2_ws/install/nav2_constrained_smoother:/home/joaquin/nav2_ws/install/nav2_bt_navigator:/home/joaquin/nav2_ws/install/nav2_behaviors:/home/joaquin/nav2_ws/install/nav2_core:/home/joaquin/nav2_ws/install/nav2_collision_monitor:/home/joaquin/nav2_ws/install/costmap_queue:/home/joaquin/nav2_ws/install/nav2_costmap_2d:/home/joaquin/nav2_ws/install/nav2_voxel_grid:/home/joaquin/nav2_ws/install/nav2_velocity_smoother:/home/joaquin/nav2_ws/install/nav2_rviz_plugins:/home/joaquin/nav2_ws/install/nav2_map_server:/home/joaquin/nav2_ws/install/nav2_lifecycle_manager:/home/joaquin/nav2_ws/install/nav2_behavior_tree:/home/joaquin/nav2_ws/install/nav2_amcl:/home/joaquin/nav2_ws/install/nav2_util:/home/joaquin/nav2_ws/install/nav2_msgs:/home/joaquin/nav2_ws/install/nav2_common:/home/joaquin/dev_ws/install/turtlesim:/home/joaquin/nav2_ws/install/nav2_simple_commander:/opt/ros/humble /usr/bin/cmake --build /home/joaquin/robot_arm_ws/build/mycobot_ros2 -- -j8 -l8
[2.675s] DEBUG:colcon.colcon_core.event_handler.log_command:Invoked command in '/home/joaquin/robot_arm_ws/build/mycobot_gazebo' returned '0': CMAKE_PREFIX_PATH=${CMAKE_PREFIX_PATH}:/home/joaquin/nav2_ws/install/nav2_simple_commander:/opt/ros/humble /usr/bin/cmake --build /home/joaquin/robot_arm_ws/build/mycobot_gazebo -- -j8 -l8
[2.810s] DEBUG:colcon.colcon_core.event_handler.log_command:Invoking command in '/home/joaquin/robot_arm_ws/build/mycobot_gazebo': CMAKE_PREFIX_PATH=${CMAKE_PREFIX_PATH}:/home/joaquin/nav2_ws/install/nav2_simple_commander:/opt/ros/humble /usr/bin/cmake --install /home/joaquin/robot_arm_ws/build/mycobot_gazebo
[2.835s] DEBUG:colcon.colcon_core.event_handler.log_command:Invoked command in '/home/joaquin/robot_arm_ws/build/mycobot_ros2' returned '0': CMAKE_PREFIX_PATH=/home/joaquin/robot_arm_ws/install/mycobot_description:/home/joaquin/robot_arm_ws/install/mycobot_ros2:/home/joaquin/robot_arm_ws/install/mycobot_gazebo:/home/joaquin/nav2_ws/install/nav2_system_tests:/home/joaquin/nav2_ws/install/nav2_bringup:/home/joaquin/nav2_ws/install/navigation2:/home/joaquin/nav2_ws/install/nav2_smoother:/home/joaquin/nav2_ws/install/nav2_dwb_controller:/home/joaquin/nav2_ws/install/nav2_controller:/home/joaquin/nav2_ws/install/dwb_plugins:/home/joaquin/nav2_ws/install/dwb_critics:/home/joaquin/nav2_ws/install/dwb_core:/home/joaquin/nav2_ws/install/nav_2d_utils:/home/joaquin/nav2_ws/install/dwb_msgs:/home/joaquin/nav2_ws/install/nav_2d_msgs:/home/joaquin/nav2_ws/install/nav2_waypoint_follower:/home/joaquin/nav2_ws/install/nav2_theta_star_planner:/home/joaquin/nav2_ws/install/nav2_smac_planner:/home/joaquin/nav2_ws/install/nav2_rotation_shim_controller:/home/joaquin/nav2_ws/install/nav2_regulated_pure_pursuit_controller:/home/joaquin/nav2_ws/install/nav2_planner:/home/joaquin/nav2_ws/install/nav2_navfn_planner:/home/joaquin/nav2_ws/install/nav2_mppi_controller:/home/joaquin/nav2_ws/install/nav2_constrained_smoother:/home/joaquin/nav2_ws/install/nav2_bt_navigator:/home/joaquin/nav2_ws/install/nav2_behaviors:/home/joaquin/nav2_ws/install/nav2_core:/home/joaquin/nav2_ws/install/nav2_collision_monitor:/home/joaquin/nav2_ws/install/costmap_queue:/home/joaquin/nav2_ws/install/nav2_costmap_2d:/home/joaquin/nav2_ws/install/nav2_voxel_grid:/home/joaquin/nav2_ws/install/nav2_velocity_smoother:/home/joaquin/nav2_ws/install/nav2_rviz_plugins:/home/joaquin/nav2_ws/install/nav2_map_server:/home/joaquin/nav2_ws/install/nav2_lifecycle_manager:/home/joaquin/nav2_ws/install/nav2_behavior_tree:/home/joaquin/nav2_ws/install/nav2_amcl:/home/joaquin/nav2_ws/install/nav2_util:/home/joaquin/nav2_ws/install/nav2_msgs:/home/joaquin/nav2_ws/install/nav2_common:/home/joaquin/dev_ws/install/turtlesim:/home/joaquin/nav2_ws/install/nav2_simple_commander:/opt/ros/humble /usr/bin/cmake --build /home/joaquin/robot_arm_ws/build/mycobot_ros2 -- -j8 -l8
[3.030s] Level 1:colcon.colcon_core.environment:create_environment_scripts_only(mycobot_ros2)
[3.031s] Level 1:colcon.colcon_core.environment:checking '/home/joaquin/robot_arm_ws/install/mycobot_ros2' for CMake module files
[3.040s] Level 1:colcon.colcon_core.environment:checking '/home/joaquin/robot_arm_ws/install/mycobot_ros2' for CMake config files
[3.046s] Level 1:colcon.colcon_core.shell:create_environment_hook('mycobot_ros2', 'cmake_prefix_path')
[3.047s] INFO:colcon.colcon_core.shell:Creating environment hook '/home/joaquin/robot_arm_ws/install/mycobot_ros2/share/mycobot_ros2/hook/cmake_prefix_path.ps1'
[3.052s] INFO:colcon.colcon_core.shell:Creating environment descriptor '/home/joaquin/robot_arm_ws/install/mycobot_ros2/share/mycobot_ros2/hook/cmake_prefix_path.dsv'
[3.057s] INFO:colcon.colcon_core.shell:Creating environment hook '/home/joaquin/robot_arm_ws/install/mycobot_ros2/share/mycobot_ros2/hook/cmake_prefix_path.sh'
[3.069s] Level 1:colcon.colcon_core.environment:checking '/home/joaquin/robot_arm_ws/install/mycobot_ros2/bin'
[3.069s] Level 1:colcon.colcon_core.environment:checking '/home/joaquin/robot_arm_ws/install/mycobot_ros2/lib/pkgconfig/mycobot_ros2.pc'
[3.070s] Level 1:colcon.colcon_core.environment:checking '/home/joaquin/robot_arm_ws/install/mycobot_ros2/lib/python3.10/site-packages'
[3.071s] Level 1:colcon.colcon_core.environment:checking '/home/joaquin/robot_arm_ws/install/mycobot_ros2/bin'
[3.072s] INFO:colcon.colcon_core.shell:Creating package script '/home/joaquin/robot_arm_ws/install/mycobot_ros2/share/mycobot_ros2/package.ps1'
[3.075s] DEBUG:colcon.colcon_core.event_handler.log_command:Invoking command in '/home/joaquin/robot_arm_ws/build/mycobot_ros2': CMAKE_PREFIX_PATH=/home/joaquin/robot_arm_ws/install/mycobot_description:/home/joaquin/robot_arm_ws/install/mycobot_ros2:/home/joaquin/robot_arm_ws/install/mycobot_gazebo:/home/joaquin/nav2_ws/install/nav2_system_tests:/home/joaquin/nav2_ws/install/nav2_bringup:/home/joaquin/nav2_ws/install/navigation2:/home/joaquin/nav2_ws/install/nav2_smoother:/home/joaquin/nav2_ws/install/nav2_dwb_controller:/home/joaquin/nav2_ws/install/nav2_controller:/home/joaquin/nav2_ws/install/dwb_plugins:/home/joaquin/nav2_ws/install/dwb_critics:/home/joaquin/nav2_ws/install/dwb_core:/home/joaquin/nav2_ws/install/nav_2d_utils:/home/joaquin/nav2_ws/install/dwb_msgs:/home/joaquin/nav2_ws/install/nav_2d_msgs:/home/joaquin/nav2_ws/install/nav2_waypoint_follower:/home/joaquin/nav2_ws/install/nav2_theta_star_planner:/home/joaquin/nav2_ws/install/nav2_smac_planner:/home/joaquin/nav2_ws/install/nav2_rotation_shim_controller:/home/joaquin/nav2_ws/install/nav2_regulated_pure_pursuit_controller:/home/joaquin/nav2_ws/install/nav2_planner:/home/joaquin/nav2_ws/install/nav2_navfn_planner:/home/joaquin/nav2_ws/install/nav2_mppi_controller:/home/joaquin/nav2_ws/install/nav2_constrained_smoother:/home/joaquin/nav2_ws/install/nav2_bt_navigator:/home/joaquin/nav2_ws/install/nav2_behaviors:/home/joaquin/nav2_ws/install/nav2_core:/home/joaquin/nav2_ws/install/nav2_collision_monitor:/home/joaquin/nav2_ws/install/costmap_queue:/home/joaquin/nav2_ws/install/nav2_costmap_2d:/home/joaquin/nav2_ws/install/nav2_voxel_grid:/home/joaquin/nav2_ws/install/nav2_velocity_smoother:/home/joaquin/nav2_ws/install/nav2_rviz_plugins:/home/joaquin/nav2_ws/install/nav2_map_server:/home/joaquin/nav2_ws/install/nav2_lifecycle_manager:/home/joaquin/nav2_ws/install/nav2_behavior_tree:/home/joaquin/nav2_ws/install/nav2_amcl:/home/joaquin/nav2_ws/install/nav2_util:/home/joaquin/nav2_ws/install/nav2_msgs:/home/joaquin/nav2_ws/install/nav2_common:/home/joaquin/dev_ws/install/turtlesim:/home/joaquin/nav2_ws/install/nav2_simple_commander:/opt/ros/humble /usr/bin/cmake --install /home/joaquin/robot_arm_ws/build/mycobot_ros2
[3.075s] INFO:colcon.colcon_core.shell:Creating package descriptor '/home/joaquin/robot_arm_ws/install/mycobot_ros2/share/mycobot_ros2/package.dsv'
[3.078s] INFO:colcon.colcon_core.shell:Creating package script '/home/joaquin/robot_arm_ws/install/mycobot_ros2/share/mycobot_ros2/package.sh'
[3.082s] INFO:colcon.colcon_core.shell:Creating package script '/home/joaquin/robot_arm_ws/install/mycobot_ros2/share/mycobot_ros2/package.bash'
[3.084s] DEBUG:colcon.colcon_core.event_handler.log_command:Invoked command in '/home/joaquin/robot_arm_ws/build/mycobot_ros2' returned '0': CMAKE_PREFIX_PATH=/home/joaquin/robot_arm_ws/install/mycobot_description:/home/joaquin/robot_arm_ws/install/mycobot_ros2:/home/joaquin/robot_arm_ws/install/mycobot_gazebo:/home/joaquin/nav2_ws/install/nav2_system_tests:/home/joaquin/nav2_ws/install/nav2_bringup:/home/joaquin/nav2_ws/install/navigation2:/home/joaquin/nav2_ws/install/nav2_smoother:/home/joaquin/nav2_ws/install/nav2_dwb_controller:/home/joaquin/nav2_ws/install/nav2_controller:/home/joaquin/nav2_ws/install/dwb_plugins:/home/joaquin/nav2_ws/install/dwb_critics:/home/joaquin/nav2_ws/install/dwb_core:/home/joaquin/nav2_ws/install/nav_2d_utils:/home/joaquin/nav2_ws/install/dwb_msgs:/home/joaquin/nav2_ws/install/nav_2d_msgs:/home/joaquin/nav2_ws/install/nav2_waypoint_follower:/home/joaquin/nav2_ws/install/nav2_theta_star_planner:/home/joaquin/nav2_ws/install/nav2_smac_planner:/home/joaquin/nav2_ws/install/nav2_rotation_shim_controller:/home/joaquin/nav2_ws/install/nav2_regulated_pure_pursuit_controller:/home/joaquin/nav2_ws/install/nav2_planner:/home/joaquin/nav2_ws/install/nav2_navfn_planner:/home/joaquin/nav2_ws/install/nav2_mppi_controller:/home/joaquin/nav2_ws/install/nav2_constrained_smoother:/home/joaquin/nav2_ws/install/nav2_bt_navigator:/home/joaquin/nav2_ws/install/nav2_behaviors:/home/joaquin/nav2_ws/install/nav2_core:/home/joaquin/nav2_ws/install/nav2_collision_monitor:/home/joaquin/nav2_ws/install/costmap_queue:/home/joaquin/nav2_ws/install/nav2_costmap_2d:/home/joaquin/nav2_ws/install/nav2_voxel_grid:/home/joaquin/nav2_ws/install/nav2_velocity_smoother:/home/joaquin/nav2_ws/install/nav2_rviz_plugins:/home/joaquin/nav2_ws/install/nav2_map_server:/home/joaquin/nav2_ws/install/nav2_lifecycle_manager:/home/joaquin/nav2_ws/install/nav2_behavior_tree:/home/joaquin/nav2_ws/install/nav2_amcl:/home/joaquin/nav2_ws/install/nav2_util:/home/joaquin/nav2_ws/install/nav2_msgs:/home/joaquin/nav2_ws/install/nav2_common:/home/joaquin/dev_ws/install/turtlesim:/home/joaquin/nav2_ws/install/nav2_simple_commander:/opt/ros/humble /usr/bin/cmake --install /home/joaquin/robot_arm_ws/build/mycobot_ros2
[3.086s] INFO:colcon.colcon_core.shell:Creating package script '/home/joaquin/robot_arm_ws/install/mycobot_ros2/share/mycobot_ros2/package.zsh'
[3.090s] Level 1:colcon.colcon_core.environment:create_file_with_runtime_dependencies(/home/joaquin/robot_arm_ws/install/mycobot_ros2/share/colcon-core/packages/mycobot_ros2)
[3.095s] Level 1:colcon.colcon_core.environment:create_environment_scripts_only(mycobot_gazebo)
[3.096s] Level 1:colcon.colcon_core.environment:checking '/home/joaquin/robot_arm_ws/install/mycobot_gazebo' for CMake module files
[3.098s] DEBUG:colcon.colcon_core.event_handler.log_command:Invoked command in '/home/joaquin/robot_arm_ws/build/mycobot_gazebo' returned '0': CMAKE_PREFIX_PATH=${CMAKE_PREFIX_PATH}:/home/joaquin/nav2_ws/install/nav2_simple_commander:/opt/ros/humble /usr/bin/cmake --install /home/joaquin/robot_arm_ws/build/mycobot_gazebo
[3.099s] Level 1:colcon.colcon_core.environment:checking '/home/joaquin/robot_arm_ws/install/mycobot_gazebo' for CMake config files
[3.120s] Level 1:colcon.colcon_core.shell:create_environment_hook('mycobot_gazebo', 'cmake_prefix_path')
[3.121s] INFO:colcon.colcon_core.shell:Creating environment hook '/home/joaquin/robot_arm_ws/install/mycobot_gazebo/share/mycobot_gazebo/hook/cmake_prefix_path.ps1'
[3.123s] INFO:colcon.colcon_core.shell:Creating environment descriptor '/home/joaquin/robot_arm_ws/install/mycobot_gazebo/share/mycobot_gazebo/hook/cmake_prefix_path.dsv'
[3.125s] INFO:colcon.colcon_core.shell:Creating environment hook '/home/joaquin/robot_arm_ws/install/mycobot_gazebo/share/mycobot_gazebo/hook/cmake_prefix_path.sh'
[3.126s] Level 1:colcon.colcon_core.environment:checking '/home/joaquin/robot_arm_ws/install/mycobot_gazebo/lib'
[3.127s] Level 1:colcon.colcon_core.environment:checking '/home/joaquin/robot_arm_ws/install/mycobot_gazebo/bin'
[3.127s] Level 1:colcon.colcon_core.environment:checking '/home/joaquin/robot_arm_ws/install/mycobot_gazebo/lib/pkgconfig/mycobot_gazebo.pc'
[3.129s] Level 1:colcon.colcon_core.environment:checking '/home/joaquin/robot_arm_ws/install/mycobot_gazebo/lib/python3.10/site-packages'
[3.129s] Level 1:colcon.colcon_core.environment:checking '/home/joaquin/robot_arm_ws/install/mycobot_gazebo/bin'
[3.130s] INFO:colcon.colcon_core.shell:Creating package script '/home/joaquin/robot_arm_ws/install/mycobot_gazebo/share/mycobot_gazebo/package.ps1'
[3.132s] INFO:colcon.colcon_core.shell:Creating package descriptor '/home/joaquin/robot_arm_ws/install/mycobot_gazebo/share/mycobot_gazebo/package.dsv'
[3.133s] INFO:colcon.colcon_core.shell:Creating package script '/home/joaquin/robot_arm_ws/install/mycobot_gazebo/share/mycobot_gazebo/package.sh'
[3.134s] INFO:colcon.colcon_core.shell:Creating package script '/home/joaquin/robot_arm_ws/install/mycobot_gazebo/share/mycobot_gazebo/package.bash'
[3.135s] INFO:colcon.colcon_core.shell:Creating package script '/home/joaquin/robot_arm_ws/install/mycobot_gazebo/share/mycobot_gazebo/package.zsh'
[3.136s] Level 1:colcon.colcon_core.environment:create_file_with_runtime_dependencies(/home/joaquin/robot_arm_ws/install/mycobot_gazebo/share/colcon-core/packages/mycobot_gazebo)
[3.213s] Level 1:colcon.colcon_core.environment:create_environment_scripts_only(mycobot_ros2)
[3.214s] Level 1:colcon.colcon_core.environment:checking '/home/joaquin/robot_arm_ws/install/mycobot_ros2' for CMake module files
[3.215s] Level 1:colcon.colcon_core.environment:checking '/home/joaquin/robot_arm_ws/install/mycobot_ros2' for CMake config files
[3.216s] Level 1:colcon.colcon_core.shell:create_environment_hook('mycobot_ros2', 'cmake_prefix_path')
[3.216s] INFO:colcon.colcon_core.shell:Creating environment hook '/home/joaquin/robot_arm_ws/install/mycobot_ros2/share/mycobot_ros2/hook/cmake_prefix_path.ps1'
[3.217s] INFO:colcon.colcon_core.shell:Creating environment descriptor '/home/joaquin/robot_arm_ws/install/mycobot_ros2/share/mycobot_ros2/hook/cmake_prefix_path.dsv'
[3.218s] INFO:colcon.colcon_core.shell:Creating environment hook '/home/joaquin/robot_arm_ws/install/mycobot_ros2/share/mycobot_ros2/hook/cmake_prefix_path.sh'
[3.219s] Level 1:colcon.colcon_core.environment:checking '/home/joaquin/robot_arm_ws/install/mycobot_ros2/bin'
[3.220s] Level 1:colcon.colcon_core.environment:checking '/home/joaquin/robot_arm_ws/install/mycobot_ros2/lib/pkgconfig/mycobot_ros2.pc'
[3.220s] Level 1:colcon.colcon_core.environment:checking '/home/joaquin/robot_arm_ws/install/mycobot_ros2/lib/python3.10/site-packages'
[3.221s] Level 1:colcon.colcon_core.environment:checking '/home/joaquin/robot_arm_ws/install/mycobot_ros2/bin'
[3.222s] INFO:colcon.colcon_core.shell:Creating package script '/home/joaquin/robot_arm_ws/install/mycobot_ros2/share/mycobot_ros2/package.ps1'
[3.223s] INFO:colcon.colcon_core.shell:Creating package descriptor '/home/joaquin/robot_arm_ws/install/mycobot_ros2/share/mycobot_ros2/package.dsv'
[3.224s] INFO:colcon.colcon_core.shell:Creating package script '/home/joaquin/robot_arm_ws/install/mycobot_ros2/share/mycobot_ros2/package.sh'
[3.225s] INFO:colcon.colcon_core.shell:Creating package script '/home/joaquin/robot_arm_ws/install/mycobot_ros2/share/mycobot_ros2/package.bash'
[3.226s] INFO:colcon.colcon_core.shell:Creating package script '/home/joaquin/robot_arm_ws/install/mycobot_ros2/share/mycobot_ros2/package.zsh'
[3.227s] Level 1:colcon.colcon_core.environment:create_file_with_runtime_dependencies(/home/joaquin/robot_arm_ws/install/mycobot_ros2/share/colcon-core/packages/mycobot_ros2)
[3.267s] Level 1:colcon.colcon_core.environment:create_environment_scripts_only(mycobot_gazebo)
[3.267s] Level 1:colcon.colcon_core.environment:checking '/home/joaquin/robot_arm_ws/install/mycobot_gazebo' for CMake module files
[3.269s] Level 1:colcon.colcon_core.environment:checking '/home/joaquin/robot_arm_ws/install/mycobot_gazebo' for CMake config files
[3.286s] Level 1:colcon.colcon_core.shell:create_environment_hook('mycobot_gazebo', 'cmake_prefix_path')
[3.287s] INFO:colcon.colcon_core.shell:Creating environment hook '/home/joaquin/robot_arm_ws/install/mycobot_gazebo/share/mycobot_gazebo/hook/cmake_prefix_path.ps1'
[3.288s] INFO:colcon.colcon_core.shell:Creating environment descriptor '/home/joaquin/robot_arm_ws/install/mycobot_gazebo/share/mycobot_gazebo/hook/cmake_prefix_path.dsv'
[3.289s] INFO:colcon.colcon_core.shell:Creating environment hook '/home/joaquin/robot_arm_ws/install/mycobot_gazebo/share/mycobot_gazebo/hook/cmake_prefix_path.sh'
[3.290s] Level 1:colcon.colcon_core.environment:checking '/home/joaquin/robot_arm_ws/install/mycobot_gazebo/lib'
[3.290s] Level 1:colcon.colcon_core.environment:checking '/home/joaquin/robot_arm_ws/install/mycobot_gazebo/bin'
[3.290s] Level 1:colcon.colcon_core.environment:checking '/home/joaquin/robot_arm_ws/install/mycobot_gazebo/lib/pkgconfig/mycobot_gazebo.pc'
[3.291s] Level 1:colcon.colcon_core.environment:checking '/home/joaquin/robot_arm_ws/install/mycobot_gazebo/lib/python3.10/site-packages'
[3.292s] Level 1:colcon.colcon_core.environment:checking '/home/joaquin/robot_arm_ws/install/mycobot_gazebo/bin'
[3.293s] INFO:colcon.colcon_core.shell:Creating package script '/home/joaquin/robot_arm_ws/install/mycobot_gazebo/share/mycobot_gazebo/package.ps1'
[3.294s] INFO:colcon.colcon_core.shell:Creating package descriptor '/home/joaquin/robot_arm_ws/install/mycobot_gazebo/share/mycobot_gazebo/package.dsv'
[3.295s] INFO:colcon.colcon_core.shell:Creating package script '/home/joaquin/robot_arm_ws/install/mycobot_gazebo/share/mycobot_gazebo/package.sh'
[3.296s] INFO:colcon.colcon_core.shell:Creating package script '/home/joaquin/robot_arm_ws/install/mycobot_gazebo/share/mycobot_gazebo/package.bash'
[3.297s] INFO:colcon.colcon_core.shell:Creating package script '/home/joaquin/robot_arm_ws/install/mycobot_gazebo/share/mycobot_gazebo/package.zsh'
[3.298s] Level 1:colcon.colcon_core.environment:create_file_with_runtime_dependencies(/home/joaquin/robot_arm_ws/install/mycobot_gazebo/share/colcon-core/packages/mycobot_gazebo)
[3.299s] DEBUG:colcon.colcon_parallel_executor.executor.parallel:closing loop
[3.300s] DEBUG:colcon.colcon_parallel_executor.executor.parallel:loop closed
[3.300s] DEBUG:colcon.colcon_parallel_executor.executor.parallel:run_until_complete finished with '0'
[3.300s] DEBUG:colcon.colcon_core.event_reactor:joining thread
[3.315s] INFO:colcon.colcon_core.plugin_system:Skipping extension 'colcon_notification.desktop_notification.terminal_notifier': Not used on non-Darwin systems
[3.315s] INFO:colcon.colcon_core.plugin_system:Skipping extension 'colcon_notification.desktop_notification.win32': Not used on non-Windows systems
[3.315s] INFO:colcon.colcon_notification.desktop_notification:Sending desktop notification using 'notify2'
[3.356s] DEBUG:colcon.colcon_core.event_reactor:joined thread
[3.357s] INFO:colcon.colcon_core.shell:Creating prefix script '/home/joaquin/robot_arm_ws/install/local_setup.ps1'
[3.359s] INFO:colcon.colcon_core.shell:Creating prefix util module '/home/joaquin/robot_arm_ws/install/_local_setup_util_ps1.py'
[3.364s] INFO:colcon.colcon_core.shell:Creating prefix chain script '/home/joaquin/robot_arm_ws/install/setup.ps1'
[3.373s] INFO:colcon.colcon_core.shell:Creating prefix script '/home/joaquin/robot_arm_ws/install/local_setup.sh'
[3.375s] INFO:colcon.colcon_core.shell:Creating prefix util module '/home/joaquin/robot_arm_ws/install/_local_setup_util_sh.py'
[3.377s] INFO:colcon.colcon_core.shell:Creating prefix chain script '/home/joaquin/robot_arm_ws/install/setup.sh'
[3.389s] INFO:colcon.colcon_core.shell:Creating prefix script '/home/joaquin/robot_arm_ws/install/local_setup.bash'
[3.390s] INFO:colcon.colcon_core.shell:Creating prefix chain script '/home/joaquin/robot_arm_ws/install/setup.bash'
[3.399s] INFO:colcon.colcon_core.shell:Creating prefix script '/home/joaquin/robot_arm_ws/install/local_setup.zsh'
[3.401s] INFO:colcon.colcon_core.shell:Creating prefix chain script '/home/joaquin/robot_arm_ws/install/setup.zsh'
